# started_at=2025-12-14T19:04:54+03:00
# cmd: sar -q 1
# app_pid=7559

Linux 6.1.0-35-amd64 (WL-c5bd0aca) 	12/14/2025 	_x86_64_	(12 CPU)

07:04:55 PM   runq-sz  plist-sz   ldavg-1   ldavg-5  ldavg-15   blocked
07:04:56 PM         8      1145      3.77      1.10      0.38         1
07:04:57 PM         4      1142      3.77      1.10      0.38         0
07:04:58 PM         4      1089      3.77      1.10      0.38         0
07:04:59 PM         2      1085      3.55      1.10      0.39         0
07:05:00 PM         3      1086      3.55      1.10      0.39         0
07:05:01 PM         4      1084      3.55      1.10      0.39         0
07:05:02 PM         7      1085      3.55      1.10      0.39         1
07:05:03 PM         4      1097      3.55      1.10      0.39         0
07:05:04 PM         5      1084      3.34      1.10      0.39         0
07:05:05 PM         2      1081      3.34      1.10      0.39         0
07:05:06 PM         3      1080      3.34      1.10      0.39         0
07:05:07 PM         4      1080      3.34      1.10      0.39         0
07:05:08 PM         3      1083      3.34      1.10      0.39         0
07:05:09 PM         5      1083      3.23      1.11      0.40         1
07:05:10 PM         2      1083      3.23      1.11      0.40         0
07:05:11 PM         4      1082      3.23      1.11      0.40         0
07:05:12 PM         5      1087      3.23      1.11      0.40         0
07:05:13 PM         3      1081      3.23      1.11      0.40         0
07:05:14 PM         4      1081      3.05      1.11      0.40         0
07:05:15 PM         2      1084      3.05      1.11      0.40         0
07:05:16 PM         4      1086      3.05      1.11      0.40         0
07:05:17 PM         4      1086      3.05      1.11      0.40         1
07:05:18 PM         3      1083      3.05      1.11      0.40         0
07:05:19 PM         3      1083      2.89      1.11      0.41         0
07:05:20 PM         7      1088      2.89      1.11      0.41         0
07:05:21 PM         4      1085      2.89      1.11      0.41         0
07:05:22 PM         3      1082      2.89      1.11      0.41         0
07:05:23 PM         2      1082      2.89      1.11      0.41         0
07:05:24 PM         3      1085      2.74      1.11      0.41         0
07:05:25 PM         5      1088      2.74      1.11      0.41         0
07:05:26 PM         3      1085      2.74      1.11      0.41         0
07:05:27 PM         2      1085      2.74      1.11      0.41         0
07:05:28 PM         3      1085      2.74      1.11      0.41         0
07:05:29 PM         5      1090      2.60      1.11      0.41         0
07:05:30 PM         3      1088      2.60      1.11      0.41         0
07:05:31 PM         3      1085      2.60      1.11      0.41         0
07:05:32 PM         3      1084      2.60      1.11      0.41         0
07:05:33 PM         3      1084      2.60      1.11      0.41         0
07:05:34 PM         2      1087      2.55      1.12      0.42         0
07:05:35 PM         2      1084      2.55      1.12      0.42         0
07:05:36 PM         1      1084      2.55      1.12      0.42         0
07:05:37 PM         2      1084      2.55      1.12      0.42         0
07:05:38 PM         3      1089      2.55      1.12      0.42         0
07:05:39 PM         2      1084      2.51      1.14      0.43         0
07:05:40 PM         6      1108      2.51      1.14      0.43         0
07:05:41 PM         2      1117      2.51      1.14      0.43         0
07:05:42 PM         5      1122      2.51      1.14      0.43         1
07:05:43 PM         5      1129      2.51      1.14      0.43         0
07:05:44 PM         3      1123      2.47      1.15      0.44         0
07:05:45 PM         3      1126      2.47      1.15      0.44         0
07:05:46 PM         3      1125      2.47      1.15      0.44         0
07:05:47 PM         2      1119      2.47      1.15      0.44         0
07:05:48 PM         2      1119      2.47      1.15      0.44         0
07:05:49 PM         2      1119      2.35      1.15      0.44         0
07:05:50 PM         2      1120      2.35      1.15      0.44         1
07:05:51 PM         3      1120      2.35      1.15      0.44         4
07:05:52 PM         2      1120      2.35      1.15      0.44         0
07:05:53 PM         2      1118      2.35      1.15      0.44         0
07:05:54 PM         2      1118      2.56      1.21      0.47         0
07:05:55 PM         3      1120      2.56      1.21      0.47         0
07:05:56 PM         2      1115      2.56      1.21      0.47         0
07:05:57 PM         2      1116      2.56      1.21      0.47         0
07:05:58 PM         4      1119      2.56      1.21      0.47         0
07:05:59 PM         4      1119      2.35      1.19      0.46         0
07:06:00 PM         2      1116      2.35      1.19      0.46         0
07:06:01 PM         2      1115      2.35      1.19      0.46         0
07:06:02 PM         2      1115      2.35      1.19      0.46         0
07:06:03 PM         4      1153      2.35      1.19      0.46         1
07:06:04 PM         4      1152      2.33      1.20      0.47         0
07:06:05 PM         2      1126      2.33      1.20      0.47         0
07:06:06 PM         6      1130      2.33      1.20      0.47         0
07:06:07 PM         3      1124      2.33      1.20      0.47         0
07:06:08 PM         5      1126      2.33      1.20      0.47         1
07:06:09 PM        11      1147      2.30      1.22      0.48         2
07:06:10 PM         2      1142      2.30      1.22      0.48         0
07:06:11 PM         6      1142      2.30      1.22      0.48         1
07:06:12 PM         2      1143      2.30      1.22      0.48         0
07:06:13 PM         3      1130      2.30      1.22      0.48         0
07:06:14 PM         5      1131      2.36      1.25      0.49         0
07:06:15 PM         2      1127      2.36      1.25      0.49         0
07:06:16 PM         2      1129      2.36      1.25      0.49         0
07:06:17 PM         2      1128      2.36      1.25      0.49         0
07:06:18 PM         2      1126      2.36      1.25      0.49         0
07:06:19 PM         1      1124      2.25      1.24      0.50         0
07:06:20 PM         3      1129      2.25      1.24      0.50         0
07:06:21 PM         3      1125      2.25      1.24      0.50         0
07:06:22 PM         2      1123      2.25      1.24      0.50         0
07:06:23 PM         2      1123      2.25      1.24      0.50         0
07:06:24 PM         3      1134      2.39      1.29      0.52         0
07:06:25 PM         2      1142      2.39      1.29      0.52         0
07:06:26 PM         2      1164      2.39      1.29      0.52         0
07:06:27 PM         2      1153      2.39      1.29      0.52         0
07:06:28 PM         2      1155      2.39      1.29      0.52         0
07:06:29 PM         2      1160      2.60      1.35      0.54         0
07:06:30 PM         4      1162      2.60      1.35      0.54         0
07:06:31 PM         2      1158      2.60      1.35      0.54         0
07:06:32 PM         2      1159      2.60      1.35      0.54         0
07:06:33 PM         2      1160      2.60      1.35      0.54         0
07:06:34 PM         3      1162      2.71      1.40      0.56         0
07:06:35 PM         3      1160      2.71      1.40      0.56         0
07:06:36 PM         2      1160      2.71      1.40      0.56         0
07:06:37 PM         2      1162      2.71      1.40      0.56         0
07:06:38 PM         3      1159      2.71      1.40      0.56         0
07:06:39 PM         3      1162      2.57      1.39      0.56         0
07:06:40 PM         7      1161      2.57      1.39      0.56         0
07:06:41 PM         3      1163      2.57      1.39      0.56         0
07:06:42 PM         3      1161      2.57      1.39      0.56         0
07:06:43 PM         2      1156      2.57      1.39      0.56         0
07:06:44 PM         2      1156      2.53      1.40      0.57         0
07:06:45 PM        12      1172      2.53      1.40      0.57         0
07:06:46 PM         2      1176      2.53      1.40      0.57         0
07:06:47 PM         6      1176      2.53      1.40      0.57         0
07:06:48 PM         2      1159      2.53      1.40      0.57         0
07:06:49 PM         2      1158      2.40      1.39      0.57         1
07:06:50 PM         2      1158      2.40      1.39      0.57         0
07:06:51 PM         6      1179      2.40      1.39      0.57         1
07:06:52 PM         2      1158      2.40      1.39      0.57         0
07:06:53 PM         3      1159      2.40      1.39      0.57         0
07:06:54 PM         2      1160      2.29      1.39      0.57         0
07:06:55 PM         4      1163      2.29      1.39      0.57         1
07:06:56 PM         4      1163      2.29      1.39      0.57         0
07:06:57 PM         3      1161      2.29      1.39      0.57         0
07:06:58 PM         2      1158      2.29      1.39      0.57         0
07:06:59 PM         2      1158      2.51      1.45      0.60         0
07:07:00 PM         5      1160      2.51      1.45      0.60         0
07:07:01 PM         2      1162      2.51      1.45      0.60         0
07:07:02 PM         3      1163      2.51      1.45      0.60         0
07:07:03 PM         1      1159      2.51      1.45      0.60         0
07:07:04 PM         3      1156      2.47      1.45      0.61         0
07:07:05 PM         3      1157      2.47      1.45      0.61         0
07:07:06 PM         3      1176      2.47      1.45      0.61         0
07:07:07 PM         3      1175      2.47      1.45      0.61         0
07:07:08 PM         3      1179      2.47      1.45      0.61         0
07:07:09 PM         1      1165      2.75      1.53      0.64         0
07:07:10 PM         3      1160      2.75      1.53      0.64         0
07:07:11 PM         1      1158      2.75      1.53      0.64         0
07:07:12 PM         1      1161      2.75      1.53      0.64         0
07:07:13 PM         4      1163      2.75      1.53      0.64         0
07:07:14 PM         2      1159      2.61      1.52      0.64         0
07:07:15 PM         2      1161      2.61      1.52      0.64         2
07:07:16 PM         3      1164      2.61      1.52      0.64         0
07:07:17 PM         1      1163      2.61      1.52      0.64         0
07:07:18 PM         1      1159      2.61      1.52      0.64         0
07:07:19 PM         1      1159      2.48      1.51      0.64         0
07:07:20 PM         2      1160      2.48      1.51      0.64         0
07:07:21 PM         2      1163      2.48      1.51      0.64         0
07:07:22 PM         1      1160      2.48      1.51      0.64         0
07:07:23 PM         0      1159      2.48      1.51      0.64         0
07:07:24 PM         1      1159      2.44      1.52      0.65         0
07:07:25 PM         1      1158      2.44      1.52      0.65         0
07:07:26 PM         0      1157      2.44      1.52      0.65         0
07:07:27 PM         1      1157      2.44      1.52      0.65         0
07:07:28 PM         1      1158      2.44      1.52      0.65         0
07:07:29 PM         2      1179      2.81      1.61      0.68         0
07:07:30 PM         2      1177      2.81      1.61      0.68         1
07:07:31 PM         1      1163      2.81      1.61      0.68         0
07:07:32 PM         1      1159      2.81      1.61      0.68         0
07:07:33 PM         1      1161      2.81      1.61      0.68         0
07:07:34 PM         1      1160      2.74      1.62      0.69         0
07:07:35 PM         3      1161      2.74      1.62      0.69         0
07:07:36 PM         1      1159      2.74      1.62      0.69         0
07:07:37 PM         1      1159      2.74      1.62      0.69         0
07:07:38 PM         2      1161      2.74      1.62      0.69         0
07:07:39 PM         1      1159      2.76      1.64      0.70         0
07:07:40 PM         1      1164      2.76      1.64      0.70         0
07:07:41 PM         1      1161      2.76      1.64      0.70         0
07:07:42 PM         2      1160      2.76      1.64      0.70         1
07:07:43 PM         1      1164      2.76      1.64      0.70         0
07:07:44 PM         3      1166      2.70      1.65      0.71         0
07:07:45 PM         2      1161      2.70      1.65      0.71         0
07:07:46 PM         1      1162      2.70      1.65      0.71         0
07:07:47 PM         4      1160      2.70      1.65      0.71         1
07:07:48 PM         1      1154      2.70      1.65      0.71         0
07:07:49 PM         2      1174      2.81      1.69      0.73         0
07:07:50 PM         3      1174      2.81      1.69      0.73         0
07:07:51 PM         1      1176      2.81      1.69      0.73         1
07:07:52 PM         1      1160      2.81      1.69      0.73         0
07:07:53 PM         1      1160      2.81      1.69      0.73         0
07:07:54 PM         2      1159      2.74      1.69      0.73         0
07:07:55 PM         2      1159      2.74      1.69      0.73         0
07:07:56 PM         1      1156      2.74      1.69      0.73         1
07:07:57 PM         1      1156      2.74      1.69      0.73         0
07:07:58 PM         1      1159      2.74      1.69      0.73         0
07:07:59 PM         2      1157      2.60      1.68      0.74         0
07:08:00 PM         2      1156      2.60      1.68      0.74         0
07:08:01 PM         1      1156      2.60      1.68      0.74         0
07:08:02 PM         3      1156      2.60      1.68      0.74         0
07:08:03 PM         2      1161      2.60      1.68      0.74         0
07:08:04 PM         1      1155      2.39      1.65      0.73         0
07:08:05 PM         2      1157      2.39      1.65      0.73         0
07:08:06 PM         2      1157      2.39      1.65      0.73         2
07:08:07 PM         1      1155      2.39      1.65      0.73         0
07:08:08 PM         3      1153      2.39      1.65      0.73         1
07:08:09 PM         1      1153      2.39      1.65      0.73         0
07:08:10 PM         5      1175      2.20      1.62      0.73         0
07:08:11 PM         2      1172      2.20      1.62      0.73         0
07:08:12 PM         3      1178      2.20      1.62      0.73         0
07:08:13 PM         4      1160      2.20      1.62      0.73         0
07:08:14 PM         2      1155      2.20      1.62      0.73         0
07:08:15 PM         3      1156      2.10      1.61      0.73         0
07:08:16 PM         4      1155      2.10      1.61      0.73         0
07:08:17 PM         2      1156      2.10      1.61      0.73         0
07:08:18 PM         4      1159      2.10      1.61      0.73         1
07:08:19 PM         2      1156      2.10      1.61      0.73         0
07:08:20 PM         2      1157      2.10      1.62      0.74         0
07:08:21 PM         3      1157      2.10      1.62      0.74         1
07:08:22 PM         2      1156      2.10      1.62      0.74         0
07:08:23 PM         2      1158      2.10      1.62      0.74         0
07:08:24 PM         2      1159      2.10      1.62      0.74         0
07:08:25 PM         3      1156      2.01      1.61      0.74         0
07:08:26 PM         3      1138      2.01      1.61      0.74         0
07:08:27 PM         2      1136      2.01      1.61      0.74         0
07:08:28 PM         1      1140      2.01      1.61      0.74         0
07:08:29 PM         5      1151      2.01      1.61      0.74         1
07:08:30 PM         2      1152      1.93      1.60      0.74         0
07:08:31 PM         2      1150      1.93      1.60      0.74         0
07:08:32 PM         2      1152      1.93      1.60      0.74         0
07:08:33 PM         3      1172      1.93      1.60      0.74         0
07:08:34 PM         2      1171      1.93      1.60      0.74         0
07:08:35 PM         2      1173      1.85      1.59      0.74         0
07:08:36 PM         2      1157      1.85      1.59      0.74         0
07:08:37 PM         3      1155      1.85      1.59      0.74         0
07:08:38 PM         3      1154      1.85      1.59      0.74         0
07:08:39 PM         2      1153      1.85      1.59      0.74         0
07:08:40 PM         7      1157      1.94      1.61      0.75         0
07:08:41 PM         2      1153      1.94      1.61      0.75         0
07:08:42 PM         2      1153      1.94      1.61      0.75         0
07:08:43 PM         3      1157      1.94      1.61      0.75         0
07:08:44 PM         3      1155      1.94      1.61      0.75         0
07:08:45 PM         2      1157      1.95      1.62      0.76         0
07:08:46 PM         5      1158      1.95      1.62      0.76         0
07:08:47 PM         2      1159      1.95      1.62      0.76         0
07:08:48 PM         1      1158      1.95      1.62      0.76         0
07:08:49 PM         4      1158      1.95      1.62      0.76         1
07:08:50 PM         3      1157      1.95      1.63      0.77         0
07:08:51 PM         1      1157      1.95      1.63      0.77         0
07:08:52 PM         1      1154      1.95      1.63      0.77         0
07:08:53 PM         3      1177      1.95      1.63      0.77         0
07:08:54 PM         3      1180      1.95      1.63      0.77         1
07:08:55 PM         4      1178      2.04      1.65      0.78         0
07:08:56 PM         1      1145      2.04      1.65      0.78         0
07:08:57 PM         3      1146      2.04      1.65      0.78         0
07:08:58 PM        12      1150      2.04      1.65      0.78         0
07:08:59 PM         3      1145      2.04      1.65      0.78         0
07:09:00 PM         6      1146      2.36      1.72      0.81         0
07:09:01 PM         1      1147      2.36      1.72      0.81         0
07:09:02 PM         2      1145      2.36      1.72      0.81         0
07:09:03 PM         4      1157      2.36      1.72      0.81         0
07:09:04 PM         3      1145      2.36      1.72      0.81         0
07:09:05 PM         2      1146      2.81      1.83      0.85         0
07:09:06 PM         2      1144      2.81      1.83      0.85         0
07:09:07 PM         2      1144      2.81      1.83      0.85         0
07:09:08 PM         2      1144      2.81      1.83      0.85         0
07:09:09 PM         3      1144      2.81      1.83      0.85         0
07:09:10 PM         2      1147      2.82      1.85      0.86         0
07:09:11 PM         4      1144      2.82      1.85      0.86         0
07:09:12 PM         2      1140      2.82      1.85      0.86         0
07:09:13 PM         1      1139      2.82      1.85      0.86         0
07:09:14 PM         2      1141      2.82      1.85      0.86         0
07:09:15 PM         3      1160      3.16      1.93      0.89         0
07:09:16 PM         3      1160      3.16      1.93      0.89         0
07:09:17 PM         2      1144      3.16      1.93      0.89         0
07:09:18 PM         2      1144      3.16      1.93      0.89         0
07:09:19 PM         2      1142      3.16      1.93      0.89         0
07:09:20 PM         5      1151      2.98      1.92      0.89         0
07:09:21 PM         4      1146      2.98      1.92      0.89         0
07:09:22 PM         2      1143      2.98      1.92      0.89         0
07:09:23 PM         2      1144      2.98      1.92      0.89         0
07:09:24 PM         3      1144      2.98      1.92      0.89         0
07:09:25 PM         2      1145      2.83      1.90      0.89         0
07:09:26 PM         2      1145      2.83      1.90      0.89         0
07:09:27 PM         2      1143      2.83      1.90      0.89         0
07:09:28 PM         2      1146      2.83      1.90      0.89         0
07:09:29 PM         6      1145      2.83      1.90      0.89         1
07:09:30 PM         2      1144      2.84      1.92      0.90         0
07:09:31 PM         3      1144      2.84      1.92      0.90         0
07:09:32 PM         2      1146      2.84      1.92      0.90         0
07:09:33 PM         3      1143      2.84      1.92      0.90         0
07:09:34 PM         2      1141      2.84      1.92      0.90         0
07:09:35 PM         4      1166      2.69      1.90      0.91         0
07:09:36 PM         2      1161      2.69      1.90      0.91         0
07:09:37 PM         3      1162      2.69      1.90      0.91         0
07:09:38 PM         2      1144      2.69      1.90      0.91         0
07:09:39 PM         3      1144      2.69      1.90      0.91         0
07:09:40 PM         3      1146      2.64      1.91      0.91         0
07:09:41 PM         1      1143      2.64      1.91      0.91         0
07:09:42 PM         3      1146      2.64      1.91      0.91         0
07:09:43 PM         2      1143      2.64      1.91      0.91         0
07:09:44 PM         2      1144      2.64      1.91      0.91         0
07:09:45 PM         2      1144      2.59      1.91      0.92         0
07:09:46 PM         4      1150      2.59      1.91      0.92         0
07:09:47 PM         2      1145      2.59      1.91      0.92         0
07:09:48 PM         2      1143      2.59      1.91      0.92         0
07:09:49 PM         2      1146      2.59      1.91      0.92         0
07:09:50 PM         1      1144      2.46      1.89      0.92         0
07:09:51 PM         2      1146      2.46      1.89      0.92         0
07:09:52 PM         2      1154      2.46      1.89      0.92         0
07:09:53 PM         2      1145      2.46      1.89      0.92         0
07:09:54 PM         1      1145      2.46      1.89      0.92         0
07:09:55 PM         4      1146      2.26      1.86      0.91         0
07:09:56 PM         3      1164      2.26      1.86      0.91         0
07:09:57 PM         3      1163      2.26      1.86      0.91         0
07:09:58 PM         3      1139      2.26      1.86      0.91         0
07:09:59 PM         4      1126      2.26      1.86      0.91         0
07:10:00 PM         4      1125      2.24      1.86      0.92         0
07:10:01 PM         4      1125      2.24      1.86      0.92         0
07:10:02 PM         2      1137      2.24      1.86      0.92         0
07:10:03 PM         4      1143      2.24      1.86      0.92         1
07:10:04 PM         4      1154      2.24      1.86      0.92         0
07:10:05 PM         3      1142      2.30      1.88      0.93         0
07:10:06 PM         3      1141      2.30      1.88      0.93         0
07:10:07 PM         3      1145      2.30      1.88      0.93         0
07:10:08 PM         3      1142      2.30      1.88      0.93         0
07:10:09 PM         2      1143      2.30      1.88      0.93         0
07:10:10 PM         2      1147      2.44      1.92      0.95         0
07:10:11 PM         3      1145      2.44      1.92      0.95         0
07:10:12 PM         2      1142      2.44      1.92      0.95         1
07:10:13 PM         3      1144      2.44      1.92      0.95         0
07:10:14 PM         6      1143      2.44      1.92      0.95         0
07:10:15 PM         4      1146      2.32      1.90      0.95         0
07:10:16 PM         2      1142      2.32      1.90      0.95         0
07:10:17 PM         5      1141      2.32      1.90      0.95         1
07:10:18 PM         1      1141      2.32      1.90      0.95         1
07:10:19 PM         2      1142      2.32      1.90      0.95         0
07:10:20 PM        16      1169      2.38      1.92      0.96         1
07:10:21 PM         2      1161      2.38      1.92      0.96         0
07:10:22 PM         8      1153      2.38      1.92      0.96         0
07:10:23 PM         2      1146      2.38      1.92      0.96         0
07:10:24 PM         2      1148      2.38      1.92      0.96         1
07:10:25 PM         1      1146      2.35      1.92      0.96         0
07:10:26 PM         1      1144      2.35      1.92      0.96         0
07:10:27 PM         1      1144      2.35      1.92      0.96         0
07:10:28 PM         2      1146      2.35      1.92      0.96         0
07:10:29 PM         3      1144      2.35      1.92      0.96         0
07:10:30 PM         1      1148      2.40      1.94      0.97         0
07:10:31 PM         2      1147      2.40      1.94      0.97         0
07:10:32 PM         2      1146      2.40      1.94      0.97         0
07:10:33 PM         1      1145      2.40      1.94      0.97         0
07:10:34 PM         1      1148      2.40      1.94      0.97         0
07:10:35 PM         1      1149      2.29      1.92      0.98         0
07:10:36 PM         1      1147      2.29      1.92      0.98         1
07:10:37 PM         5      1148      2.29      1.92      0.98         1
07:10:38 PM         1      1144      2.29      1.92      0.98         0
07:10:39 PM         0      1143      2.29      1.92      0.98         0
07:10:40 PM         3      1165      2.34      1.94      0.99         0
07:10:41 PM         1      1163      2.34      1.94      0.99         0
07:10:42 PM         1      1165      2.34      1.94      0.99         0
07:10:43 PM         1      1149      2.34      1.94      0.99         0
07:10:44 PM         1      1148      2.34      1.94      0.99         0
07:10:45 PM         2      1152      2.40      1.96      1.00         0
07:10:46 PM         1      1149      2.40      1.96      1.00         0
07:10:47 PM         2      1153      2.40      1.96      1.00         0
07:10:48 PM         1      1150      2.40      1.96      1.00         0
07:10:49 PM         1      1147      2.40      1.96      1.00         0
07:10:50 PM         1      1149      2.52      1.99      1.01         0
07:10:51 PM         1      1148      2.52      1.99      1.01         0
07:10:52 PM         2      1146      2.52      1.99      1.01         0
07:10:53 PM         4      1157      2.52      1.99      1.01         1
07:10:54 PM         0      1148      2.52      1.99      1.01         0
07:10:55 PM         1      1147      2.56      2.01      1.03         0
07:10:56 PM         0      1146      2.56      2.01      1.03         0
07:10:57 PM         1      1148      2.56      2.01      1.03         0
07:10:58 PM         0      1147      2.56      2.01      1.03         0
07:10:59 PM         0      1144      2.56      2.01      1.03         0
07:11:00 PM         2      1145      2.44      1.99      1.02         0
07:11:01 PM         4      1167      2.44      1.99      1.02         0
07:11:02 PM         3      1163      2.44      1.99      1.02         0
07:11:03 PM         4      1166      2.44      1.99      1.02         1
07:11:04 PM         5      1146      2.44      1.99      1.02         0
07:11:05 PM         2      1146      2.40      1.99      1.03         0
07:11:06 PM         2      1149      2.40      1.99      1.03         0
07:11:07 PM         5      1146      2.40      1.99      1.03         0
07:11:08 PM         1      1145      2.40      1.99      1.03         0
07:11:09 PM         1      1146      2.40      1.99      1.03         0
07:11:10 PM         2      1150      2.29      1.98      1.03         1
07:11:11 PM         1      1145      2.29      1.98      1.03         0
07:11:12 PM         1      1145      2.29      1.98      1.03         0
07:11:13 PM         0      1145      2.29      1.98      1.03         0
07:11:14 PM         1      1148      2.29      1.98      1.03         0
07:11:15 PM         1      1145      2.27      1.98      1.04         0
07:11:16 PM         1      1145      2.27      1.98      1.04         0
07:11:17 PM         1      1146      2.27      1.98      1.04         0
07:11:18 PM         4      1145      2.27      1.98      1.04         1
07:11:19 PM         7      1147      2.27      1.98      1.04         0
07:11:20 PM         0      1143      2.33      2.00      1.05         1
07:11:21 PM         2      1142      2.33      2.00      1.05         0
07:11:22 PM         1      1162      2.33      2.00      1.05         1
07:11:23 PM         2      1162      2.33      2.00      1.05         0
07:11:24 PM         2      1169      2.33      2.00      1.05         0
07:11:25 PM         1      1148      2.22      1.98      1.05         0
07:11:26 PM         4      1147      2.22      1.98      1.05         1
07:11:27 PM         3      1149      2.22      1.98      1.05         0
07:11:28 PM         1      1146      2.22      1.98      1.05         0
07:11:29 PM         1      1147      2.22      1.98      1.05         5
07:11:30 PM         2      1148      3.24      2.20      1.12         0
07:11:31 PM         3      1147      3.24      2.20      1.12         1
07:11:32 PM         3      1129      3.24      2.20      1.12         0
07:11:33 PM         3      1130      3.24      2.20      1.12         0
07:11:34 PM         2      1124      3.24      2.20      1.12         0
07:11:35 PM         3      1128      3.14      2.19      1.13         0
07:11:36 PM         4      1130      3.14      2.19      1.13         0
07:11:37 PM         2      1129      3.14      2.19      1.13         0
07:11:38 PM         2      1127      3.14      2.19      1.13         0
07:11:39 PM         1      1135      3.14      2.19      1.13         4
07:11:40 PM         2      1140      3.37      2.26      1.15         4
07:11:41 PM         1      1142      3.37      2.26      1.15         0
07:11:42 PM         2      1144      3.37      2.26      1.15         0
07:11:43 PM         1      1142      3.37      2.26      1.15         0
07:11:44 PM         4      1164      3.37      2.26      1.15         0
07:11:45 PM         2      1162      3.26      2.25      1.16         0
07:11:46 PM         1      1162      3.26      2.25      1.16         0
07:11:47 PM         2      1146      3.26      2.25      1.16         0
07:11:48 PM         0      1147      3.26      2.25      1.16         0
07:11:49 PM         2      1147      3.26      2.25      1.16         0
07:11:50 PM         4      1147      3.08      2.23      1.16         0
07:11:51 PM         1      1145      3.08      2.23      1.16         1
07:11:52 PM         2      1150      3.08      2.23      1.16         0
07:11:53 PM         3      1148      3.08      2.23      1.16         0
07:11:54 PM         2      1150      3.08      2.23      1.16         0
07:11:55 PM         3      1152      2.91      2.21      1.15         0
07:11:56 PM         1      1145      2.91      2.21      1.15         0
07:11:57 PM         0      1147      2.91      2.21      1.15         0
07:11:58 PM         1      1148      2.91      2.21      1.15         0
07:11:59 PM         2      1144      2.91      2.21      1.15         0
07:12:00 PM         3      1145      2.76      2.19      1.15         1
07:12:01 PM         5      1147      2.76      2.19      1.15         1
07:12:02 PM         1      1145      2.76      2.19      1.15         0
07:12:03 PM         0      1142      2.76      2.19      1.15         0
07:12:04 PM         1      1143      2.76      2.19      1.15         0
07:12:05 PM         4      1165      2.54      2.15      1.15         0
07:12:06 PM         2      1163      2.54      2.15      1.15         0
07:12:07 PM         1      1163      2.54      2.15      1.15         0
07:12:08 PM         4      1162      2.54      2.15      1.15         0
07:12:09 PM         6      1149      2.54      2.15      1.15         1
07:12:10 PM         2      1147      2.50      2.15      1.15         0
07:12:11 PM         1      1148      2.50      2.15      1.15         0
07:12:12 PM         3      1145      2.50      2.15      1.15         0
07:12:13 PM         2      1145      2.50      2.15      1.15         0
07:12:14 PM         2      1148      2.50      2.15      1.15         0
07:12:15 PM         6      1150      2.86      2.23      1.18         0
07:12:16 PM         2      1147      2.86      2.23      1.18         0
07:12:17 PM         6      1157      2.86      2.23      1.18         0
07:12:18 PM         1      1145      2.86      2.23      1.18         0
07:12:19 PM         6      1146      2.86      2.23      1.18         0
07:12:20 PM         3      1149      2.79      2.23      1.19         0
07:12:21 PM         5      1146      2.79      2.23      1.19         0
07:12:22 PM         4      1145      2.79      2.23      1.19         0
07:12:23 PM         2      1149      2.79      2.23      1.19         0
07:12:24 PM         8      1144      2.79      2.23      1.19         1
07:12:25 PM         2      1143      2.56      2.19      1.18         0
07:12:26 PM        11      1157      2.56      2.19      1.18         1
07:12:27 PM         2      1163      2.56      2.19      1.18         0
07:12:28 PM         1      1164      2.56      2.19      1.18         0
07:12:29 PM         1      1146      2.56      2.19      1.18         0
07:12:30 PM        10      1147      2.44      2.17      1.18         0
07:12:31 PM         2      1148      2.44      2.17      1.18         0
07:12:32 PM         0      1147      2.44      2.17      1.18         0
07:12:33 PM         1      1148      2.44      2.17      1.18         0
07:12:34 PM         3      1147      2.44      2.17      1.18         0
07:12:35 PM         4      1146      2.40      2.17      1.19         0
07:12:36 PM         1      1145      2.40      2.17      1.19         0
07:12:37 PM         4      1146      2.40      2.17      1.19         1
07:12:38 PM         2      1147      2.40      2.17      1.19         0
07:12:39 PM         2      1145      2.40      2.17      1.19         0
07:12:40 PM         2      1150      2.29      2.15      1.18         0
07:12:41 PM         2      1146      2.29      2.15      1.18         0
07:12:42 PM         3      1147      2.29      2.15      1.18         0
07:12:43 PM         4      1145      2.29      2.15      1.18         0
07:12:44 PM         2      1146      2.29      2.15      1.18         0
07:12:45 PM         3      1145      2.27      2.14      1.19         0
07:12:46 PM         2      1143      2.27      2.14      1.19         0
07:12:47 PM         4      1167      2.27      2.14      1.19         1
07:12:48 PM         5      1162      2.27      2.14      1.19         0
07:12:49 PM         3      1163      2.27      2.14      1.19         0
07:12:50 PM         4      1147      2.33      2.16      1.20         0
07:12:51 PM         3      1152      2.33      2.16      1.20         1
07:12:52 PM         2      1146      2.33      2.16      1.20         0
07:12:53 PM         1      1148      2.33      2.16      1.20        10
07:12:54 PM         2      1147      2.33      2.16      1.20         0
07:12:55 PM         3      1146      2.22      2.14      1.20         0
07:12:56 PM         3      1145      2.22      2.14      1.20         0
07:12:57 PM         8      1151      2.22      2.14      1.20         1
07:12:58 PM         3      1151      2.22      2.14      1.20         0
07:12:59 PM         4      1150      2.22      2.14      1.20         1
07:13:00 PM         3      1148      2.28      2.15      1.21         0
07:13:01 PM         3      1149      2.28      2.15      1.21         0
07:13:02 PM         2      1147      2.28      2.15      1.21         1
07:13:03 PM         2      1147      2.28      2.15      1.21         0
07:13:04 PM         1      1147      2.28      2.15      1.21         0
07:13:05 PM         4      1149      2.10      2.12      1.20         0
07:13:06 PM         4      1147      2.10      2.12      1.20         0
07:13:07 PM         3      1147      2.10      2.12      1.20         0
07:13:08 PM         3      1166      2.10      2.12      1.20         0
07:13:09 PM         3      1143      2.10      2.12      1.20         0
07:13:10 PM         5      1149      2.17      2.13      1.21         0
07:13:11 PM         4      1130      2.17      2.13      1.21         1
07:13:12 PM         5      1129      2.17      2.13      1.21         0
07:13:13 PM         3      1131      2.17      2.13      1.21         0
07:13:14 PM         3      1128      2.17      2.13      1.21         0
07:13:15 PM         5      1131      2.48      2.20      1.24         0
07:13:16 PM         3      1127      2.48      2.20      1.24         0
07:13:17 PM         3      1129      2.48      2.20      1.24         0
07:13:18 PM         4      1132      2.48      2.20      1.24         0
07:13:19 PM         2      1130      2.48      2.20      1.24         0
07:13:20 PM         5      1148      2.60      2.23      1.25         2
07:13:21 PM         4      1148      2.60      2.23      1.25         0
07:13:22 PM         2      1145      2.60      2.23      1.25         1
07:13:23 PM         2      1148      2.60      2.23      1.25         0
07:13:24 PM         3      1148      2.60      2.23      1.25         0
07:13:25 PM         2      1147      2.47      2.21      1.25         0
07:13:26 PM         2      1146      2.47      2.21      1.25         0
07:13:27 PM         1      1141      2.47      2.21      1.25         0
07:13:28 PM         3      1146      2.47      2.21      1.25         0
07:13:29 PM         3      1164      2.47      2.21      1.25         0
07:13:30 PM         4      1163      2.91      2.30      1.29         0
07:13:31 PM         4      1164      2.91      2.30      1.29         0
07:13:32 PM         3      1149      2.91      2.30      1.29         1
07:13:33 PM         2      1146      2.91      2.30      1.29         0
07:13:34 PM         2      1148      2.91      2.30      1.29         0
07:13:35 PM         6      1149      2.92      2.31      1.29         0
07:13:36 PM         2      1148      2.92      2.31      1.29         0
07:13:37 PM         1      1147      2.92      2.31      1.29         0
07:13:38 PM         4      1147      2.92      2.31      1.29         0
07:13:39 PM         2      1149      2.92      2.31      1.29         0
07:13:40 PM         7      1151      2.85      2.31      1.30         0
07:13:41 PM         2      1150      2.85      2.31      1.30         0
07:13:42 PM         2      1150      2.85      2.31      1.30         0
07:13:43 PM         2      1147      2.85      2.31      1.30         1
07:13:44 PM         2      1147      2.85      2.31      1.30         0
07:13:45 PM         2      1148      2.86      2.32      1.31         0
07:13:46 PM         2      1149      2.86      2.32      1.31         0
07:13:47 PM         2      1149      2.86      2.32      1.31         0
07:13:48 PM         5      1152      2.86      2.32      1.31         0
07:13:49 PM         9      1151      2.86      2.32      1.31         0
07:13:50 PM         4      1169      2.71      2.30      1.31        15
07:13:51 PM         4      1168      2.71      2.30      1.31         7
07:13:52 PM         2      1173      2.71      2.30      1.31         0
07:13:53 PM         3      1178      2.71      2.30      1.31         1
07:13:54 PM         3      1162      2.71      2.30      1.31         0
07:13:55 PM         4      1161      2.57      2.28      1.30         1
07:13:56 PM         5      1158      2.57      2.28      1.30         0
07:13:57 PM         4      1157      2.57      2.28      1.30         0
07:13:58 PM         2      1160      2.57      2.28      1.30         0
07:13:59 PM         2      1160      2.57      2.28      1.30         0
07:14:00 PM         3      1160      2.37      2.24      1.30         0
07:14:01 PM         2      1160      2.37      2.24      1.30         0
07:14:02 PM         1      1158      2.37      2.24      1.30         0
07:14:03 PM         3      1160      2.37      2.24      1.30         1
07:14:04 PM         2      1158      2.37      2.24      1.30         0
07:14:05 PM         2      1158      2.18      2.20      1.29         0
07:14:06 PM         1      1157      2.18      2.20      1.29         0
07:14:07 PM         7      1157      2.18      2.20      1.29         0
07:14:08 PM         3      1157      2.18      2.20      1.29         1
07:14:09 PM         1      1153      2.18      2.20      1.29         0
07:14:10 PM         2      1154      2.72      2.31      1.33         0
07:14:11 PM         6      1176      2.72      2.31      1.33         1
07:14:12 PM         5      1173      2.72      2.31      1.33         0
07:14:13 PM         2      1176      2.72      2.31      1.33         0
07:14:14 PM         5      1159      2.72      2.31      1.33         0
07:14:15 PM         2      1156      2.67      2.31      1.33         0
07:14:16 PM         2      1155      2.67      2.31      1.33         0
07:14:17 PM         2      1156      2.67      2.31      1.33         0
07:14:18 PM         4      1155      2.67      2.31      1.33         0
07:14:19 PM         4      1157      2.67      2.31      1.33         0
07:14:20 PM         3      1160      2.69      2.32      1.34         0
07:14:21 PM         4      1158      2.69      2.32      1.34         0
07:14:22 PM         4      1164      2.69      2.32      1.34         0
07:14:23 PM         6      1151      2.69      2.32      1.34         1
07:14:24 PM         5      1152      2.69      2.32      1.34         5
07:14:25 PM         2      1153      2.80      2.35      1.36         1
07:14:26 PM         4      1155      2.80      2.35      1.36         0
07:14:27 PM         8      1154      2.80      2.35      1.36         0
07:14:28 PM         2      1152      2.80      2.35      1.36         0
07:14:29 PM         2      1154      2.80      2.35      1.36         0
07:14:30 PM         4      1158      3.05      2.41      1.38         0
07:14:31 PM         2      1152      3.05      2.41      1.38         2
07:14:32 PM         6      1152      3.05      2.41      1.38         0
07:14:33 PM         1      1152      3.05      2.41      1.38         0
07:14:34 PM         3      1172      3.05      2.41      1.38         0
07:14:35 PM         5      1175      3.05      2.42      1.39         0
07:14:36 PM         2      1173      3.05      2.42      1.39         0
07:14:37 PM         5      1157      3.05      2.42      1.39         0
07:14:38 PM         2      1155      3.05      2.42      1.39         1
07:14:39 PM         2      1154      3.05      2.42      1.39         0
07:14:40 PM         6      1158      2.97      2.41      1.40         1
07:14:41 PM         2      1155      2.97      2.41      1.40         0
07:14:42 PM         3      1154      2.97      2.41      1.40         0
07:14:43 PM         3      1155      2.97      2.41      1.40         0
07:14:44 PM         8      1158      2.97      2.41      1.40         2
07:14:45 PM         2      1155      3.13      2.46      1.42         0
07:14:46 PM         4      1155      3.13      2.46      1.42         1
07:14:47 PM         3      1155      3.13      2.46      1.42         0
07:14:48 PM         2      1154      3.13      2.46      1.42         0
07:14:49 PM         3      1154      3.13      2.46      1.42         0
07:14:50 PM         3      1135      2.88      2.41      1.41         0
07:14:51 PM         3      1135      2.88      2.41      1.41         0
07:14:52 PM         4      1139      2.88      2.41      1.41         0
07:14:53 PM         3      1135      2.88      2.41      1.41         0
07:14:54 PM         2      1131      2.88      2.41      1.41         0
07:14:55 PM         4      1131      2.81      2.41      1.41         0
07:14:56 PM         3      1131      2.81      2.41      1.41         0
07:14:57 PM         3      1151      2.81      2.41      1.41         0
07:14:58 PM         3      1150      2.81      2.41      1.41         0
07:14:59 PM         3      1136      2.81      2.41      1.41         0
07:15:00 PM         4      1136      2.82      2.42      1.42         0
07:15:01 PM         6      1139      2.82      2.42      1.42         0
07:15:02 PM         5      1164      2.82      2.42      1.42         0
07:15:03 PM         5      1157      2.82      2.42      1.42         0
07:15:04 PM         7      1175      2.82      2.42      1.42         1
07:15:05 PM         4      1155      2.76      2.41      1.42         0
07:15:06 PM         5      1151      2.76      2.41      1.42         0
07:15:07 PM        13      1156      2.76      2.41      1.42         0
07:15:08 PM         5      1156      2.76      2.41      1.42         0
07:15:09 PM         5      1167      2.76      2.41      1.42         0
07:15:10 PM         7      1153      2.70      2.40      1.43         0
07:15:11 PM         5      1152      2.70      2.40      1.43         0
07:15:12 PM         1      1156      2.70      2.40      1.43         0
07:15:13 PM         4      1158      2.70      2.40      1.43         0
07:15:14 PM         2      1154      2.70      2.40      1.43         0
07:15:15 PM         4      1158      2.80      2.43      1.44         0
07:15:16 PM         3      1156      2.80      2.43      1.44         0
07:15:17 PM         4      1158      2.80      2.43      1.44         0
07:15:18 PM         2      1173      2.80      2.43      1.44         0
07:15:19 PM         2      1172      2.80      2.43      1.44         0
07:15:20 PM         5      1157      2.74      2.42      1.44         0
07:15:21 PM         4      1156      2.74      2.42      1.44         1
07:15:22 PM         6      1159      2.74      2.42      1.44         0
07:15:23 PM         5      1161      2.74      2.42      1.44         0
07:15:24 PM        12      1158      2.74      2.42      1.44         1
07:15:25 PM         3      1167      2.60      2.40      1.44         7
07:15:26 PM         2      1169      2.60      2.40      1.44        13
07:15:27 PM         2      1174      2.60      2.40      1.44        30
07:15:28 PM         5      1167      2.60      2.40      1.44         6
07:15:29 PM        28      1200      2.60      2.40      1.44         4
07:15:30 PM         5      1205      2.71      2.43      1.46         1
07:15:31 PM         3      1204      2.71      2.43      1.46         8
07:15:32 PM         2      1212      2.71      2.43      1.46        11
07:15:33 PM         2      1212      2.71      2.43      1.46        19
07:15:34 PM         2      1215      2.71      2.43      1.46        33
07:15:35 PM         0      1218      7.78      3.48      1.80        34
07:15:36 PM        14      1205      7.78      3.48      1.80         0
07:15:37 PM         5      1179      7.78      3.48      1.80         0
07:15:38 PM         4      1182      7.78      3.48      1.80         0
07:15:39 PM         6      1182      7.78      3.48      1.80         2
07:15:40 PM         3      1205      7.39      3.47      1.81         0
07:15:41 PM         2      1201      7.39      3.47      1.81         0
07:15:42 PM         4      1186      7.39      3.47      1.81         0
07:15:43 PM         2      1185      7.39      3.47      1.81         0
07:15:44 PM         4      1183      7.39      3.47      1.81         1
07:15:45 PM         3      1182      6.96      3.45      1.81         0
07:15:46 PM         3      1184      6.96      3.45      1.81         0
07:15:47 PM         0      1197      6.96      3.45      1.81         0
07:15:48 PM         6      1200      6.96      3.45      1.81         1
07:15:49 PM         1      1195      6.96      3.45      1.81         0
07:15:50 PM         6      1196      6.57      3.42      1.81         0
07:15:51 PM         2      1199      6.57      3.42      1.81         0
07:15:52 PM         1      1196      6.57      3.42      1.81         0
07:15:53 PM         5      1197      6.57      3.42      1.81         0
07:15:54 PM         1      1200      6.57      3.42      1.81         1
07:15:55 PM         3      1202      6.60      3.48      1.84         0
07:15:56 PM         2      1199      6.60      3.48      1.84         0
07:15:57 PM         4      1202      6.60      3.48      1.84         0
07:15:58 PM         2      1201      6.60      3.48      1.84         0
07:15:59 PM         3      1197      6.60      3.48      1.84         0
07:16:00 PM         5      1209      6.07      3.43      1.83         0
07:16:01 PM         2      1218      6.07      3.43      1.83         0
07:16:02 PM         1      1214      6.07      3.43      1.83         0
07:16:03 PM         2      1203      6.07      3.43      1.83         0
07:16:04 PM         3      1200      6.07      3.43      1.83         0
07:16:05 PM         1      1199      5.75      3.40      1.83         0
07:16:06 PM        10      1200      5.75      3.40      1.83         1
07:16:07 PM         2      1206      5.75      3.40      1.83         0
07:16:08 PM         2      1198      5.75      3.40      1.83         0
07:16:09 PM         8      1198      5.75      3.40      1.83         0
07:16:10 PM         3      1199      5.69      3.43      1.85         0
07:16:11 PM         7      1203      5.69      3.43      1.85         1
07:16:12 PM         1      1201      5.69      3.43      1.85         0
07:16:13 PM         1      1200      5.69      3.43      1.85         0
07:16:14 PM         4      1197      5.69      3.43      1.85         0
07:16:15 PM         1      1198      5.23      3.37      1.84         0
07:16:16 PM         5      1197      5.23      3.37      1.84         0
07:16:17 PM         1      1198      5.23      3.37      1.84         0
07:16:18 PM         9      1199      5.23      3.37      1.84         0
07:16:19 PM         0      1196      5.23      3.37      1.84         0
07:16:20 PM         1      1197      5.05      3.37      1.85         0
07:16:21 PM         3      1216      5.05      3.37      1.85         0
07:16:22 PM         4      1215      5.05      3.37      1.85         8
07:16:23 PM         2      1219      5.05      3.37      1.85         4
07:16:24 PM         4      1220      5.05      3.37      1.85         9
07:16:25 PM         2      1203      9.61      4.34      2.17        12
07:16:26 PM         9      1203      9.61      4.34      2.17         0
07:16:27 PM         2      1205      9.61      4.34      2.17         2
07:16:28 PM         2      1204      9.61      4.34      2.17         0
07:16:29 PM         2      1203      9.61      4.34      2.17         0
07:16:30 PM         5      1205      9.16      4.33      2.18         0
07:16:31 PM         2      1208      9.16      4.33      2.18         6
07:16:32 PM         2      1206      9.16      4.33      2.18         0
07:16:33 PM         6      1206      9.16      4.33      2.18         0
07:16:34 PM         3      1203      9.16      4.33      2.18         0
07:16:35 PM         4      1204      8.51      4.28      2.17         1
07:16:36 PM         3      1203      8.51      4.28      2.17         1
07:16:37 PM         2      1204      8.51      4.28      2.17         0
07:16:38 PM        12      1211      8.51      4.28      2.17         0
07:16:39 PM         7      1216      8.51      4.28      2.17         1
07:16:40 PM         2      1220      9.35      4.52      2.26         0
07:16:41 PM         2      1218      9.35      4.52      2.26        16
07:16:42 PM         3      1218      9.35      4.52      2.26         9
07:16:43 PM         6      1221      9.35      4.52      2.26         4
07:16:44 PM         2      1222      9.35      4.52      2.26        19
07:16:45 PM         1      1224     13.64      5.49      2.59        27
07:16:46 PM         3      1242     13.64      5.49      2.59         1
07:16:47 PM         6      1250     13.64      5.49      2.59         0
07:16:48 PM         2      1256     13.64      5.49      2.59         0
07:16:49 PM         2      1259     13.64      5.49      2.59         8
07:16:50 PM         8      1263     12.95      5.48      2.60        11
07:16:51 PM         4      1259     12.95      5.48      2.60        12
07:16:52 PM         2      1267     12.95      5.48      2.60        16
07:16:53 PM        13      1275     12.95      5.48      2.60        16
07:16:54 PM         4      1265     12.95      5.48      2.60         1
07:16:55 PM         5      1262     12.40      5.49      2.62         0
07:16:56 PM         5      1261     12.40      5.49      2.62         0
07:16:57 PM         2      1262     12.40      5.49      2.62         6
07:16:58 PM         5      1266     12.40      5.49      2.62         1
07:16:59 PM         8      1281     12.40      5.49      2.62         1
07:17:00 PM         5      1279     11.48      5.42      2.61         0
07:17:01 PM         4      1266     11.48      5.42      2.61         4
07:17:02 PM         8      1272     11.48      5.42      2.61         3
07:17:03 PM         8      1265     11.48      5.42      2.61         0
07:17:04 PM         3      1245     11.48      5.42      2.61         0
07:17:05 PM         9      1249     11.68      5.56      2.67        14
07:17:06 PM         6      1250     11.68      5.56      2.67        18
07:17:07 PM        10      1253     11.68      5.56      2.67        32
07:17:08 PM         6      1259     11.68      5.56      2.67        50
07:17:09 PM         8      1267     11.68      5.56      2.67        52
07:17:10 PM        15      1273     16.27      6.61      3.03        69
07:17:11 PM         8      1279     16.27      6.61      3.03        54
07:17:12 PM         9      1290     16.27      6.61      3.03        72
07:17:13 PM        30      1292     16.27      6.61      3.03        60
07:17:14 PM        82      1294     16.27      6.61      3.03        44
07:17:15 PM        75      1300     24.10      8.40      3.63        27
07:17:16 PM        81      1302     24.10      8.40      3.63        26
07:17:17 PM        89      1300     24.10      8.40      3.63        11
07:17:18 PM        94      1300     24.10      8.40      3.63        17
07:17:19 PM        68      1307     24.10      8.40      3.63        20
07:17:20 PM        56      1312     31.86     10.27      4.26        53
07:17:21 PM        53      1315     31.86     10.27      4.26        45
07:17:22 PM        50      1317     31.86     10.27      4.26        52
07:17:23 PM        94      1318     31.86     10.27      4.26        80
07:17:24 PM        83      1319     31.86     10.27      4.26        26
07:17:25 PM        94      1320     40.36     12.39      4.98        13
07:17:26 PM       104      1324     40.36     12.39      4.98        32
07:17:27 PM        75      1324     40.36     12.39      4.98        58
07:17:28 PM       103      1325     40.36     12.39      4.98        33
07:17:29 PM        74      1324     40.36     12.39      4.98        34
07:17:30 PM        73      1324     47.78     14.39      5.66        50
07:17:31 PM       115      1324     47.78     14.39      5.66        13
07:17:32 PM        96      1325     47.78     14.39      5.66        24
07:17:33 PM       125      1325     47.78     14.39      5.66         4
07:17:34 PM       102      1324     47.78     14.39      5.66        23
07:17:35 PM        89      1324     55.64     16.58      6.42        27
07:17:36 PM        11      1324     55.64     16.58      6.42       154
07:17:37 PM        54      1325     55.64     16.58      6.42        24
07:17:38 PM       100      1326     55.64     16.58      6.42        27
07:17:39 PM       109      1326     55.64     16.58      6.42        23
07:17:40 PM       106      1326     62.08     18.56      7.11        18
07:17:41 PM        81      1327     62.08     18.56      7.11        47
07:17:42 PM        87      1327     62.08     18.56      7.11        41
07:17:43 PM        18      1327     62.08     18.56      7.11       163
07:17:44 PM        93      1328     62.08     18.56      7.11        41
07:17:45 PM       113      1332     69.52     20.82      7.91        32
07:17:46 PM       127      1332     69.52     20.82      7.91        46
07:17:47 PM       116      1333     69.52     20.82      7.91        19
07:17:48 PM        90      1334     69.52     20.82      7.91        40
07:17:49 PM        13      1334     81.01     24.01      9.01       187
07:17:50 PM       128      1339     81.01     24.01      9.01        48
07:17:51 PM        76      1339     81.01     24.01      9.01       114
07:17:52 PM        62      1342     81.01     24.01      9.01        71
07:17:53 PM       122      1342     81.01     24.01      9.01        93
07:17:54 PM       114      1344     81.01     24.01      9.01        24
07:17:55 PM       103      1344     86.78     26.16      9.78        22
07:17:56 PM       118      1343     86.78     26.16      9.78        22
07:17:57 PM       116      1345     86.78     26.16      9.78        54
07:17:58 PM        82      1347     86.78     26.16      9.78        50
07:17:59 PM       113      1348     86.78     26.16      9.78        25
07:18:00 PM       136      1350     93.12     28.48     10.62        23
07:18:01 PM       106      1352     93.12     28.48     10.62        49
07:18:02 PM       127      1355     93.12     28.48     10.62        14
07:18:03 PM       124      1355     93.12     28.48     10.62       107
07:18:04 PM       147      1354     93.12     28.48     10.62        27
07:18:05 PM       134      1354    102.88     31.57     11.72        26
07:18:06 PM       115      1354    102.88     31.57     11.72        28
07:18:07 PM       113      1354    102.88     31.57     11.72        38
07:18:08 PM       120      1353    102.88     31.57     11.72        35
07:18:09 PM       101      1351    102.88     31.57     11.72        42
07:18:10 PM        98      1351    109.06     34.04     12.63        56
07:18:11 PM       107      1351    109.06     34.04     12.63        92
07:18:12 PM       108      1350    109.06     34.04     12.63        38
07:18:13 PM       111      1350    109.06     34.04     12.63        37
07:18:14 PM        85      1353    115.14     36.55     13.55        45
07:18:15 PM        92      1354    115.14     36.55     13.55        40
07:18:16 PM       113      1355    115.14     36.55     13.55        10
07:18:17 PM        77      1355    115.14     36.55     13.55        62
07:18:18 PM        88      1355    115.14     36.55     13.55        46
07:18:19 PM        31      1355    123.05     39.49     14.63       235
07:18:20 PM       101      1355    123.05     39.49     14.63        37
07:18:21 PM        89      1356    123.05     39.49     14.63        18
07:18:22 PM        87      1358    123.05     39.49     14.63        42
07:18:23 PM       117      1359    123.05     39.49     14.63        37
07:18:24 PM       106      1359    126.01     41.49     15.41        86
07:18:25 PM        35      1357    126.01     41.49     15.41       177
07:18:27 PM        85      1357    126.01     41.49     15.41        32
07:18:28 PM       112      1357    126.01     41.49     15.41        26
07:18:29 PM       106      1358    128.17     43.34     16.15        31
07:18:30 PM        89      1358    128.17     43.34     16.15        42
07:18:31 PM       100      1358    128.17     43.34     16.15        26
07:18:32 PM        59      1358    128.17     43.34     16.15        57
07:18:33 PM       106      1358    128.17     43.34     16.15        27
07:18:34 PM        94      1357    129.92     45.12     16.87        26
07:18:35 PM       108      1361    129.92     45.12     16.87        52
07:18:36 PM        80      1361    129.92     45.12     16.87        63
07:18:37 PM         7      1362    129.92     45.12     16.87       136
07:18:39 PM        64      1363    132.25     47.01     17.63        37
07:18:40 PM        98      1364    132.25     47.01     17.63       100
07:18:41 PM       109      1365    132.25     47.01     17.63        43
07:18:42 PM        99      1365    132.25     47.01     17.63        15
07:18:43 PM        51      1366    132.25     47.01     17.63        73
07:18:44 PM        73      1367    132.63     48.50     18.27        31
07:18:45 PM        89      1368    132.63     48.50     18.27         7
07:18:46 PM        46      1371    132.63     48.50     18.27        45
07:18:47 PM         3      1372    132.63     48.50     18.27       162
07:18:49 PM         3      1373    138.59     51.13     19.29       161
07:18:51 PM         8      1373    138.59     51.13     19.29       146
07:18:52 PM        27      1381    138.59     51.13     19.29        76
07:18:53 PM         5      1388    138.59     51.13     19.29       161
07:18:54 PM         8      1389    152.63     55.50     20.87       177
07:18:55 PM         7      1395    152.63     55.50     20.87       101
07:18:56 PM        20      1407    152.63     55.50     20.87       121
07:18:57 PM        30      1414    152.63     55.50     20.87        76
07:18:58 PM        58      1417    152.63     55.50     20.87        78
07:18:59 PM        19      1422    149.86     56.53     21.39        79
07:19:00 PM         7      1426    149.86     56.53     21.39        88
07:19:01 PM        39      1430    149.86     56.53     21.39        49
07:19:02 PM         8      1436    149.86     56.53     21.39       297
07:19:03 PM         8      1436    149.86     56.53     21.39       151
07:19:04 PM        11      1441    150.27     58.17     22.11        71
07:19:05 PM         7      1449    150.27     58.17     22.11        50
07:19:06 PM        12      1460    150.27     58.17     22.11       219
07:19:07 PM        18      1469    150.27     58.17     22.11       133
07:19:08 PM        13      1478    150.27     58.17     22.11        47
07:19:09 PM        10      1481    146.01     58.81     22.51        49
07:19:10 PM        10      1486    146.01     58.81     22.51        51
07:19:11 PM         9      1488    146.01     58.81     22.51        46
07:19:13 PM        12      1497    146.01     58.81     22.51        43
07:19:14 PM         7      1506    146.01     58.81     22.51        52
07:19:15 PM         5      1512    141.68     59.37     22.89        85
07:19:16 PM        10      1512    141.68     59.37     22.89       315
07:19:17 PM        22      1510    141.68     59.37     22.89        20
07:19:18 PM        38      1517    141.68     59.37     22.89        14
07:19:19 PM        43      1516    141.68     59.37     22.89        16
07:19:20 PM        10      1516    136.58     59.67     23.18        58
07:19:21 PM         9      1515    136.58     59.67     23.18        48
07:19:22 PM        27      1518    136.58     59.67     23.18        39
07:19:23 PM        23      1523    136.58     59.67     23.18        48
07:19:24 PM        11      1526    136.58     59.67     23.18        55
07:19:25 PM        25      1530    143.18     62.32     24.23        53
07:19:26 PM        11      1533    143.18     62.32     24.23        70
07:19:27 PM        28      1532    143.18     62.32     24.23        35
07:19:28 PM        24      1535    143.18     62.32     24.23        43
07:19:29 PM        38      1538    143.18     62.32     24.23        41
07:19:30 PM        31      1541    139.72     62.95     24.64        35
07:19:31 PM        31      1548    139.72     62.95     24.64        37
07:19:32 PM        29      1551    139.72     62.95     24.64        25
07:19:33 PM        10      1551    139.72     62.95     24.64        57
07:19:34 PM        18      1552    139.72     62.95     24.64        37
07:19:35 PM        32      1549    135.42     63.33     24.97        36
07:19:36 PM         8      1551    135.42     63.33     24.97        46
07:19:37 PM        20      1554    135.42     63.33     24.97        44
07:19:38 PM        11      1559    135.42     63.33     24.97        56
07:19:39 PM        11      1560    135.42     63.33     24.97        54
07:19:40 PM        11      1564    130.10     63.42     25.21       104
07:19:41 PM         8      1563    130.10     63.42     25.21        60
07:19:42 PM         7      1552    130.10     63.42     25.21        58
07:19:43 PM        10      1553    130.10     63.42     25.21        64
07:19:44 PM         8      1561    130.10     63.42     25.21        69
07:19:45 PM        24      1560    132.90     65.11     25.96        61
07:19:46 PM        14      1562    132.90     65.11     25.96        70
07:19:47 PM         7      1564    132.90     65.11     25.96        68
07:19:48 PM         6      1563    132.90     65.11     25.96       124
07:19:49 PM         6      1563    132.90     65.11     25.96       412
07:19:50 PM        29      1566    130.02     65.64     26.34        43
07:19:51 PM        22      1563    130.02     65.64     26.34        46
07:19:52 PM        16      1568    130.02     65.64     26.34        61
07:19:53 PM        20      1569    130.02     65.64     26.34        56
07:19:54 PM         9      1567    130.02     65.64     26.34        53
07:19:55 PM        11      1574    125.62     65.80     26.60        53
07:19:56 PM        12      1576    125.62     65.80     26.60        52
07:19:57 PM        11      1574    125.62     65.80     26.60        59
07:19:58 PM         6      1575    125.62     65.80     26.60       115
07:19:59 PM        11      1575    125.62     65.80     26.60       443
07:20:00 PM        17      1580    123.72     66.40     27.01        62
07:20:01 PM        56      1582    123.72     66.40     27.01        15
07:20:02 PM         9      1585    123.72     66.40     27.01        60
07:20:03 PM        19      1585    123.72     66.40     27.01        15
07:20:04 PM         7      1582    123.72     66.40     27.01        51
07:20:05 PM         7      1593    120.30     66.64     27.30        39
07:20:06 PM        10      1598    120.30     66.64     27.30        50
07:20:07 PM        11      1605    120.30     66.64     27.30        71
07:20:08 PM         7      1605    120.30     66.64     27.30       419
07:20:09 PM         6      1608    120.30     66.64     27.30       109
07:20:10 PM         9      1608    150.07     73.70     29.79       437
07:20:11 PM        31      1614    150.07     73.70     29.79        11
07:20:12 PM        10      1616    150.07     73.70     29.79        47
07:20:13 PM         8      1619    150.07     73.70     29.79        63
07:20:14 PM        17      1621    150.07     73.70     29.79        50
07:20:15 PM         5      1619    144.06     73.72     30.04        77
07:20:16 PM        43      1625    144.06     73.72     30.04        24
07:20:17 PM         7      1626    144.06     73.72     30.04        81
07:20:18 PM         8      1631    144.06     73.72     30.04        88
07:20:19 PM        11      1635    144.06     73.72     30.04        85
07:20:20 PM         1      1638    143.25     74.72     30.60       115
07:20:21 PM         5      1638    143.25     74.72     30.60       157
07:20:22 PM         7      1638    143.25     74.72     30.60       147
07:20:23 PM        12      1639    143.25     74.72     30.60       102
07:20:24 PM         9      1640    143.25     74.72     30.60        98
07:20:25 PM        10      1644    142.11     75.63     31.12       107
07:20:26 PM        10      1646    142.11     75.63     31.12       113
07:20:27 PM        14      1646    142.11     75.63     31.12        97
07:20:28 PM         7      1648    142.11     75.63     31.12        94
07:20:29 PM         9      1648    142.11     75.63     31.12       104
07:20:30 PM         5      1648    141.22     76.54     31.66        99
07:20:31 PM         7      1648    141.22     76.54     31.66       116
07:20:32 PM         8      1649    141.22     76.54     31.66       475
07:20:33 PM         4      1650    141.22     76.54     31.66       100
07:20:34 PM        11      1651    141.22     76.54     31.66       105
07:20:35 PM        10      1651    140.56     77.48     32.21       114
07:20:36 PM         8      1652    140.56     77.48     32.21       104
07:20:37 PM         8      1653    140.56     77.48     32.21       112
07:20:38 PM         4      1653    140.56     77.48     32.21       111
07:20:39 PM        10      1654    140.56     77.48     32.21       106
07:20:40 PM         5      1653    140.36     78.49     32.77       104
07:20:41 PM         8      1654    140.36     78.49     32.77       105
07:20:42 PM        33      1656    140.36     78.49     32.77        86
07:20:43 PM        51      1656    140.36     78.49     32.77       114
07:20:44 PM         9      1656    140.36     78.49     32.77       134
07:20:45 PM         5      1656    172.04     86.08     35.48       525
07:20:46 PM        12      1656    172.04     86.08     35.48       130
07:20:47 PM         5      1658    172.04     86.08     35.48       162
07:20:48 PM        11      1658    172.04     86.08     35.48       167
07:20:49 PM         8      1657    172.04     86.08     35.48       119
07:20:50 PM        10      1657    169.95     87.08     36.07       117
07:20:51 PM         5      1659    169.95     87.08     36.07       111
07:20:52 PM         4      1661    169.95     87.08     36.07       139
07:20:53 PM        10      1661    169.95     87.08     36.07       125
07:20:54 PM         8      1661    169.95     87.08     36.07       107
07:20:55 PM        15      1663    198.62     94.40     38.71        57
07:20:56 PM        13      1659    198.62     94.40     38.71        45
07:20:57 PM        10      1661    198.62     94.40     38.71        46
07:20:58 PM        10      1682    198.62     94.40     38.71        53
07:20:59 PM         8      1682    198.62     94.40     38.71        59
07:21:00 PM         8      1685    188.00     93.93     38.86        27
07:21:01 PM         9      1687    188.00     93.93     38.86        45
07:21:02 PM         9      1681    188.00     93.93     38.86        48
07:21:03 PM        17      1676    188.00     93.93     38.86        40
07:21:04 PM         7      1678    188.00     93.93     38.86        42
07:21:05 PM         6      1678    177.03     93.21     38.93        39
07:21:06 PM         9      1653    177.03     93.21     38.93        31
07:21:07 PM        14      1631    177.03     93.21     38.93        22
07:21:08 PM        13      1619    177.03     93.21     38.93        11
07:21:09 PM         9      1600    177.03     93.21     38.93        16
07:21:10 PM         9      1604    164.70     92.05     38.84        14
07:21:11 PM        14      1630    164.70     92.05     38.84        13
07:21:12 PM        15      1649    164.70     92.05     38.84        15
07:21:13 PM        12      1627    164.70     92.05     38.84        19
07:21:14 PM         9      1612    164.70     92.05     38.84        17
07:21:15 PM        12      1626    153.19     90.87     38.74        14
07:21:16 PM         7      1200    153.19     90.87     38.74        10
07:21:17 PM         9      1197    153.19     90.87     38.74         6
07:21:18 PM        11      1110    153.19     90.87     38.74         2
07:21:19 PM        13      1119    153.19     90.87     38.74         1
07:21:20 PM         8      1110    141.16     89.41     38.55         1
07:21:21 PM         8      1095    141.16     89.41     38.55         2
07:21:22 PM        10      1142    141.16     89.41     38.55         9
07:21:23 PM        11      1145    141.16     89.41     38.55         3
07:21:24 PM        10      1149    141.16     89.41     38.55         2
07:21:25 PM        11      1155    130.18     87.99     38.37         6
07:21:26 PM         8      1154    130.18     87.99     38.37         8
07:21:27 PM        10      1179    130.18     87.99     38.37        18
07:21:28 PM        10      1184    130.18     87.99     38.37        13
07:21:29 PM        10      1186    130.18     87.99     38.37        26
07:21:30 PM        10      1189    122.64     87.13     38.35        24
07:21:31 PM        10      1195    122.64     87.13     38.35        18
07:21:32 PM         8      1198    122.64     87.13     38.35        21
07:21:33 PM        10      1204    122.64     87.13     38.35        19
07:21:34 PM        10      1208    122.64     87.13     38.35        40
07:21:35 PM        10      1210    118.26     86.81     38.51        23
07:21:36 PM        10      1213    118.26     86.81     38.51        23
07:21:37 PM         8      1219    118.26     86.81     38.51        76
07:21:38 PM         8      1221    118.26     86.81     38.51        57
07:21:39 PM         8      1222    112.96     86.23     38.58        86
07:21:40 PM        14      1227    112.96     86.23     38.58        66
07:21:41 PM        11      1229    112.96     86.23     38.58        66
07:21:42 PM         9      1232    112.96     86.23     38.58        66
07:21:43 PM         8      1233    112.96     86.23     38.58        68
07:21:44 PM         6      1236    110.40     86.14     38.81        77
07:21:45 PM        13      1238    110.40     86.14     38.81        88
07:21:46 PM         4      1239    110.40     86.14     38.81        79
07:21:47 PM         8      1242    110.40     86.14     38.81        83
07:21:48 PM        15      1246    110.40     86.14     38.81        69
07:21:49 PM        12      1248    109.88     86.44     39.16       107
07:21:50 PM        13      1249    109.88     86.44     39.16        82
07:21:51 PM         8      1252    109.88     86.44     39.16        92
07:21:52 PM         8      1255    109.88     86.44     39.16        79
07:21:53 PM         9      1258    109.88     86.44     39.16        79
07:21:54 PM         7      1260    108.61     86.57     39.46        78
07:21:55 PM         9      1263    108.61     86.57     39.46        78
07:21:56 PM         6      1264    108.61     86.57     39.46       121
07:21:58 PM         1      1264    108.61     86.57     39.46        98
07:21:59 PM        10      1264    107.52     86.71     39.76        87
07:22:00 PM         2      1291    107.52     86.71     39.76       161
07:22:01 PM         9      1297    107.52     86.71     39.76        57
07:22:02 PM         7      1300    107.52     86.71     39.76        55
07:22:03 PM         7      1308    107.52     86.71     39.76        56
07:22:04 PM         8      1313    104.36     86.40     39.91        59
07:22:05 PM         7      1316    104.36     86.40     39.91       182
07:22:06 PM         9      1319    104.36     86.40     39.91        41
07:22:07 PM         9      1317    104.36     86.40     39.91        47
07:22:08 PM         8      1329    104.36     86.40     39.91        47
07:22:09 PM         5      1336    108.17     87.49     40.51        54
07:22:10 PM         9      1340    108.17     87.49     40.51        41
07:22:11 PM        12      1341    108.17     87.49     40.51        83
07:22:12 PM        11      1348    108.17     87.49     40.51        51
07:22:13 PM        10      1349    108.17     87.49     40.51        46
07:22:14 PM         8      1351    105.19     87.21     40.67        55
07:22:15 PM        11      1357    105.19     87.21     40.67        49
07:22:16 PM        12      1362    105.19     87.21     40.67        47
07:22:17 PM         7      1368    105.19     87.21     40.67        56
07:22:18 PM         8      1372    105.19     87.21     40.67        57
07:22:19 PM        11      1381    102.14     86.88     40.82        94
07:22:20 PM         8      1384    102.14     86.88     40.82        52
07:22:21 PM         8      1387    102.14     86.88     40.82        53
07:22:22 PM        12      1394    102.14     86.88     40.82        45
07:22:23 PM         7      1398    102.14     86.88     40.82        53
07:22:24 PM         7      1404     99.72     86.63     40.98        50
07:22:25 PM        10      1407     99.72     86.63     40.98        40
07:22:26 PM        10      1406     99.72     86.63     40.98        60
07:22:27 PM         8      1406     99.72     86.63     40.98        46
07:22:28 PM         8      1410     99.72     86.63     40.98        50
07:22:29 PM        10      1415     97.42     86.37     41.15        43
07:22:30 PM         9      1418     97.42     86.37     41.15        42
07:22:31 PM         7      1423     97.42     86.37     41.15        42
07:22:32 PM         8      1428     97.42     86.37     41.15        63
07:22:33 PM        11      1433     97.42     86.37     41.15        37
07:22:34 PM         9      1434     94.02     85.85     41.22        45
07:22:35 PM         8      1438     94.02     85.85     41.22        50
07:22:36 PM         7      1437     94.02     85.85     41.22        45
07:22:38 PM         8      1439     94.02     85.85     41.22        48
07:22:39 PM         8      1440     94.02     85.85     41.22        63
07:22:40 PM         8      1442     91.30     85.42     41.32        51
07:22:41 PM         8      1443     91.30     85.42     41.32        44
07:22:42 PM        10      1441     91.30     85.42     41.32        52
07:22:43 PM         8      1442     91.30     85.42     41.32        47
07:22:44 PM        10      1444     91.30     85.42     41.32        52
07:22:45 PM         8      1449     89.91     85.23     41.50        54
07:22:46 PM        10      1450     89.91     85.23     41.50       323
07:22:47 PM        10      1459     89.91     85.23     41.50        45
07:22:48 PM         7      1459     89.91     85.23     41.50        46
07:22:49 PM        13      1457     89.91     85.23     41.50        40
07:22:50 PM        10      1456     87.36     84.78     41.59        44
07:22:51 PM        10      1463     87.36     84.78     41.59        54
07:22:52 PM         9      1471     87.36     84.78     41.59        67
07:22:53 PM        12      1474     87.36     84.78     41.59        82
07:22:54 PM         9      1477     87.36     84.78     41.59        82
07:22:55 PM         4      1480     88.61     85.08     41.92        90
07:22:56 PM         8      1480     88.61     85.08     41.92        89
07:22:57 PM         3      1480     88.61     85.08     41.92        95
07:22:58 PM         9      1483     88.61     85.08     41.92        94
07:22:59 PM        13      1486     88.61     85.08     41.92       375
07:23:00 PM        12      1488     89.76     85.38     42.24        95
07:23:01 PM        12      1490     89.76     85.38     42.24        95
07:23:02 PM         8      1493     89.76     85.38     42.24       104
07:23:03 PM         3      1493     89.76     85.38     42.24       155
07:23:04 PM        10      1493     89.76     85.38     42.24       175
07:23:05 PM        11      1493    118.45     91.40     44.42       112
07:23:06 PM        11      1494    118.45     91.40     44.42       108
07:23:07 PM         9      1496    118.45     91.40     44.42       118
07:23:08 PM        12      1497    118.45     91.40     44.42       410
07:23:09 PM         9      1497    118.45     91.40     44.42       123
07:23:10 PM        13      1497    118.74     91.91     44.84       120
07:23:11 PM         8      1495    118.74     91.91     44.84       105
07:23:12 PM         5      1496    118.74     91.91     44.84       135
07:23:13 PM         7      1496    118.74     91.91     44.84       424
07:23:14 PM         2      1496    118.74     91.91     44.84       107
07:23:15 PM         7      1499    143.90     97.57     46.93       105
07:23:16 PM         7      1500    143.90     97.57     46.93       105
07:23:17 PM        10      1502    143.90     97.57     46.93       415
07:23:18 PM         6      1504    143.90     97.57     46.93        94
07:23:19 PM         4      1506    143.90     97.57     46.93        96
07:23:20 PM         9      1509    141.35     97.81     47.28       402
07:23:21 PM         7      1514    141.35     97.81     47.28       116
07:23:22 PM        11      1514    141.35     97.81     47.28       439
07:23:23 PM         4      1518    141.35     97.81     47.28        94
07:23:24 PM         5      1517    141.35     97.81     47.28       112
07:23:25 PM        10      1520    139.64     98.18     47.67        96
07:23:26 PM         7      1520    139.64     98.18     47.67       106
07:23:27 PM        11      1522    139.64     98.18     47.67       101
07:23:28 PM         1      1523    139.64     98.18     47.67       104
07:23:29 PM         9      1523    141.11     99.17     48.26       141
07:23:30 PM         5      1523    141.11     99.17     48.26       443
07:23:31 PM        10      1524    141.11     99.17     48.26       109
07:23:32 PM         3      1526    141.11     99.17     48.26       125
07:23:33 PM         5      1528    141.11     99.17     48.26       108
07:23:34 PM         6      1530    141.11     99.17     48.26       118
07:23:35 PM         1      1530    169.21    105.69     50.64       111
07:23:36 PM         5      1532    169.21    105.69     50.64       459
07:23:37 PM         8      1533    169.21    105.69     50.64       109
07:23:38 PM         8      1533    169.21    105.69     50.64       119
07:23:39 PM         3      1532    169.21    105.69     50.64       102
07:23:40 PM        11      1534    164.71    105.81     50.98        97
07:23:41 PM         7      1536    164.71    105.81     50.98       164
07:23:42 PM         9      1538    164.71    105.81     50.98       121
07:23:43 PM         2      1539    164.71    105.81     50.98       132
07:23:44 PM        13      1543    164.71    105.81     50.98       114
07:23:45 PM        14      1543    162.01    106.23     51.41       114
07:23:46 PM        11      1547    162.01    106.23     51.41       460
07:23:47 PM         6      1551    162.01    106.23     51.41       111
07:23:48 PM         3      1553    162.01    106.23     51.41       116
07:23:49 PM         8      1553    162.01    106.23     51.41        83
07:23:50 PM        10      1555    156.56    106.03     51.64        59
07:23:51 PM        10      1556    156.56    106.03     51.64        64
07:23:52 PM         7      1558    156.56    106.03     51.64        59
07:23:53 PM         9      1566    156.56    106.03     51.64        61
07:23:54 PM        11      1568    156.56    106.03     51.64        44
07:23:55 PM        11      1573    150.91    105.70     51.82        50
07:23:56 PM         8      1577    150.91    105.70     51.82        59
07:23:57 PM         9      1584    150.91    105.70     51.82        49
07:23:58 PM        10      1590    150.91    105.70     51.82        69
07:23:59 PM         9      1593    150.91    105.70     51.82        45
07:24:00 PM         5      1594    146.19    105.47     52.04        48
07:24:01 PM         8      1594    146.19    105.47     52.04        49
07:24:02 PM         9      1599    146.19    105.47     52.04        42
07:24:03 PM        13      1604    146.19    105.47     52.04        57
07:24:04 PM         9      1612    146.19    105.47     52.04        48
07:24:05 PM        11      1620    139.61    104.78     52.10       467
07:24:06 PM        13      1622    139.61    104.78     52.10        76
07:24:07 PM         8      1624    139.61    104.78     52.10        90
07:24:08 PM         7      1628    139.61    104.78     52.10       185
07:24:09 PM         7      1629    139.61    104.78     52.10        83
07:24:10 PM         9      1629    137.00    104.82     52.40       531
07:24:11 PM         3      1631    137.00    104.82     52.40       110
07:24:12 PM         8      1632    137.00    104.82     52.40       564
07:24:13 PM         4      1632    137.00    104.82     52.40       122
07:24:14 PM         2      1632    135.40    105.02     52.74        92
07:24:15 PM         7      1634    135.40    105.02     52.74       515
07:24:16 PM         2      1635    135.40    105.02     52.74       121
07:24:17 PM         2      1636    135.40    105.02     52.74       573
07:24:18 PM         5      1636    135.40    105.02     52.74       114
07:24:19 PM         5      1637    134.64    105.37     53.14       554
07:24:20 PM         4      1642    134.64    105.37     53.14       110
07:24:21 PM         7      1645    134.64    105.37     53.14        97
07:24:22 PM         6      1646    134.64    105.37     53.14        85
07:24:23 PM         2      1646    134.64    105.37     53.14       111
07:24:24 PM        12      1648    132.99    105.51     53.46       121
07:24:25 PM         5      1649    132.99    105.51     53.46       105
07:24:26 PM         9      1653    132.99    105.51     53.46        96
07:24:27 PM         9      1657    132.99    105.51     53.46        86
07:24:28 PM         8      1660    132.99    105.51     53.46       118
07:24:29 PM         9      1661    131.07    105.57     53.76        94
07:24:30 PM         3      1664    131.07    105.57     53.76       103
07:24:31 PM         7      1665    131.07    105.57     53.76       127
07:24:34 PM         4      1665    131.07    105.57     53.76       111
07:24:35 PM         6      1666    128.74    105.51     54.02       107
07:24:36 PM        10      1668    128.74    105.51     54.02       128
07:24:37 PM         5      1670    128.74    105.51     54.02       577
07:24:38 PM         7      1672    128.74    105.51     54.02       578
07:24:39 PM         3      1674    128.74    105.51     54.02       119
07:24:40 PM         9      1678    128.60    105.87     54.41       114
07:24:41 PM        12      1681    128.60    105.87     54.41       102
07:24:42 PM        11      1681    128.60    105.87     54.41       109
07:24:43 PM         8      1685    128.60    105.87     54.41       102
07:24:44 PM         4      1687    128.60    105.87     54.41       121
07:24:45 PM         3      1692    129.03    106.34     54.84       144
07:24:46 PM         7      1692    129.03    106.34     54.84       149
07:24:47 PM         9      1692    129.03    106.34     54.84       146
07:24:48 PM         1      1694    129.03    106.34     54.84       156
07:24:49 PM         9      1694    129.03    106.34     54.84       166
07:24:50 PM        11      1695    148.33    110.71     56.54       132
07:24:51 PM        10      1695    148.33    110.71     56.54       173
07:24:52 PM         9      1700    148.33    110.71     56.54       117
07:24:53 PM         7      1702    148.33    110.71     56.54       122
07:24:54 PM         8      1706    148.33    110.71     56.54       597
07:24:55 PM         5      1708    146.38    110.93     56.90       109
07:24:56 PM         7      1710    146.38    110.93     56.90        96
07:24:57 PM         8      1712    146.38    110.93     56.90       108
07:24:58 PM        12      1713    146.38    110.93     56.90       102
07:24:59 PM         6      1714    146.38    110.93     56.90       126
07:25:00 PM         8      1715    144.99    111.23     57.29       118
07:25:01 PM        12      1717    144.99    111.23     57.29       606
07:25:02 PM         8      1719    144.99    111.23     57.29       136
07:25:03 PM        11      1720    144.99    111.23     57.29       110
07:25:04 PM         6      1721    144.99    111.23     57.29       159
07:25:06 PM         4      1720    148.67    112.56     58.00       180
07:25:07 PM        10      1720    148.67    112.56     58.00       611
07:25:08 PM         4      1724    148.67    112.56     58.00       110
07:25:09 PM         3      1726    148.67    112.56     58.00       110
07:25:10 PM         7      1727    148.54    113.13     58.48       109
07:25:11 PM         4      1729    148.54    113.13     58.48       116
07:25:12 PM         4      1728    148.54    113.13     58.48       116
07:25:13 PM         5      1730    148.54    113.13     58.48       126
07:25:14 PM         6      1729    148.54    113.13     58.48       118
07:25:15 PM         6      1730    146.89    113.38     58.86       108
07:25:16 PM         6      1732    146.89    113.38     58.86       110
07:25:17 PM         8      1734    146.89    113.38     58.86       364
07:25:18 PM        13      1734    146.89    113.38     58.86       113
07:25:19 PM         8      1736    146.89    113.38     58.86       103
07:25:20 PM         9      1739    145.06    113.55     59.21       104
07:25:21 PM         8      1740    145.06    113.55     59.21       107
07:25:22 PM         2      1746    145.06    113.55     59.21       106
07:25:23 PM        10      1752    145.06    113.55     59.21       109
07:25:24 PM         7      1753    147.38    114.56     59.82       167
07:25:26 PM         7      1753    147.38    114.56     59.82       426
07:25:27 PM         9      1754    147.38    114.56     59.82       113
07:25:28 PM         8      1755    147.38    114.56     59.82       103
07:25:29 PM        13      1756    147.38    114.56     59.82        84
07:25:30 PM         8      1757    146.47    114.91     60.23       268
07:25:31 PM         9      1760    146.47    114.91     60.23       114
07:25:32 PM         7      1760    146.47    114.91     60.23       110
07:25:33 PM        10      1763    146.47    114.91     60.23        99
07:25:34 PM        13      1764    146.47    114.91     60.23       626
07:25:35 PM         4      1765    144.75    115.08     60.58       100
07:25:36 PM         9      1768    144.75    115.08     60.58       116
07:25:37 PM         8      1768    144.75    115.08     60.58       110
07:25:38 PM         8      1768    144.75    115.08     60.58       115
07:25:39 PM        14      1770    144.75    115.08     60.58       118
07:25:40 PM         9      1772    144.37    115.50     61.01        99
07:25:41 PM        10      1772    144.37    115.50     61.01       136
07:25:42 PM         4      1772    144.37    115.50     61.01       139
07:25:43 PM         7      1773    144.37    115.50     61.01       117
07:25:44 PM        13      1777    144.37    115.50     61.01       684
07:25:45 PM         3      1777    162.68    119.77     62.68       104
07:25:46 PM        10      1779    162.68    119.77     62.68       674
07:25:47 PM         8      1781    162.68    119.77     62.68       101
07:25:48 PM        11      1782    162.68    119.77     62.68       575
07:25:49 PM         3      1783    162.68    119.77     62.68        95
07:25:50 PM         8      1786    199.38    128.09     65.68       641
07:25:51 PM         4      1787    199.38    128.09     65.68       145
07:25:52 PM         3      1787    199.38    128.09     65.68       136
07:25:53 PM         6      1788    199.38    128.09     65.68       121
07:25:54 PM        10      1788    194.38    128.24     66.06       102
07:25:55 PM        13      1787    194.38    128.24     66.06       564
07:25:56 PM         9      1787    194.38    128.24     66.06       670
07:25:57 PM        10      1789    194.38    128.24     66.06       680
07:25:58 PM         8      1791    194.38    128.24     66.06       137
07:25:59 PM         8      1791    190.43    128.52     66.49       383
07:26:00 PM        12      1795    190.43    128.52     66.49       114
07:26:01 PM         9      1796    190.43    128.52     66.49       672
07:26:02 PM        11      1797    190.43    128.52     66.49       473
07:26:03 PM        10      1800    190.43    128.52     66.49       112
07:26:04 PM        11      1803    207.45    133.08     68.30       116
07:26:05 PM         8      1805    207.45    133.08     68.30        92
07:26:06 PM         7      1807    207.45    133.08     68.30       103
07:26:07 PM         9      1802    207.45    133.08     68.30       132
07:26:08 PM        18      1805    207.45    133.08     68.30       593
07:26:09 PM        11      1807    202.61    133.31     68.72       331
07:26:10 PM         8      1809    202.61    133.31     68.72       131
07:26:11 PM         4      1812    202.61    133.31     68.72       708
07:26:12 PM        10      1814    202.61    133.31     68.72       126
07:26:13 PM        10      1817    202.61    133.31     68.72       130
07:26:14 PM        12      1817    198.80    133.67     69.18       716
07:26:15 PM        12      1819    198.80    133.67     69.18       132
07:26:17 PM         9      1820    198.80    133.67     69.18       138
07:26:18 PM         5      1822    198.80    133.67     69.18       125
07:26:19 PM         9      1824    198.80    133.67     69.18        58
07:26:20 PM        11      1824    187.92    132.50     69.15        49
07:26:21 PM         9      1819    187.92    132.50     69.15        43
07:26:22 PM         5      1815    187.92    132.50     69.15        57
07:26:23 PM         7      1816    187.92    132.50     69.15        48
07:26:24 PM         8      1809    187.92    132.50     69.15        60
07:26:25 PM         9      1807    178.24    131.41     69.14        47
07:26:26 PM         8      1807    178.24    131.41     69.14        46
07:26:27 PM        10      1811    178.24    131.41     69.14        52
07:26:28 PM        12      1809    178.24    131.41     69.14        49
07:26:29 PM         9      1809    178.24    131.41     69.14        65
07:26:30 PM         8      1807    169.25    130.32     69.12        54
07:26:31 PM         7      1807    169.25    130.32     69.12        53
07:26:32 PM         9      1810    169.25    130.32     69.12        59
07:26:33 PM         8      1814    169.25    130.32     69.12        52
07:26:34 PM        11      1813    169.25    130.32     69.12        53
07:26:35 PM         7      1814    160.98    129.25     69.10        50
07:26:36 PM         8      1815    160.98    129.25     69.10        47
07:26:37 PM         8      1814    160.98    129.25     69.10        52
07:26:38 PM        10      1812    160.98    129.25     69.10        49
07:26:39 PM        10      1810    160.98    129.25     69.10        57
07:26:40 PM         8      1814    154.02    128.34     69.13        41
07:26:41 PM        10      1811    154.02    128.34     69.13        50
07:26:42 PM         9      1813    154.02    128.34     69.13        51
07:26:43 PM        11      1815    154.02    128.34     69.13        44
07:26:44 PM         8      1817    154.02    128.34     69.13        49
07:26:45 PM        13      1821    147.77    127.47     69.17        59
07:26:46 PM         9      1821    147.77    127.47     69.17        48
07:26:47 PM        10      1821    147.77    127.47     69.17        65
07:26:48 PM        10      1823    147.77    127.47     69.17        50
07:26:49 PM         9      1824    147.77    127.47     69.17        40
07:26:50 PM        10      1825    190.39    136.64     72.45        53
07:26:51 PM        11      1828    190.39    136.64     72.45        54
07:26:52 PM         9      1830    190.39    136.64     72.45        49
07:26:53 PM         9      1834    190.39    136.64     72.45        52
07:26:54 PM         9      1839    190.39    136.64     72.45        62
07:26:55 PM         7      1841    182.11    135.82     72.53       111
07:26:56 PM        10      1844    182.11    135.82     72.53        58
07:26:57 PM        11      1842    182.11    135.82     72.53        56
07:26:58 PM        13      1843    182.11    135.82     72.53        47
07:26:59 PM        10      1848    182.11    135.82     72.53        60
07:27:00 PM         7      1847    172.81    134.66     72.49        64
07:27:01 PM         9      1846    172.81    134.66     72.49        73
07:27:02 PM         9      1853    172.81    134.66     72.49        54
07:27:03 PM        12      1858    172.81    134.66     72.49        69
07:27:04 PM        13      1860    172.81    134.66     72.49        59
07:27:05 PM         3      1865    164.74    133.62     72.49        61
07:27:06 PM        10      1865    164.74    133.62     72.49        76
07:27:07 PM        10      1868    164.74    133.62     72.49        51
07:27:08 PM         9      1873    164.74    133.62     72.49        80
07:27:09 PM         9      1875    164.74    133.62     72.49        49
07:27:10 PM         8      1878    157.55    132.64     72.50        61
07:27:11 PM        14      1879    157.55    132.64     72.50        98
07:27:12 PM        11      1881    157.55    132.64     72.50        70
07:27:13 PM         3      1883    157.55    132.64     72.50        88
07:27:14 PM         6      1883    157.55    132.64     72.50        80
07:27:15 PM         7      1885    153.02    132.12     72.66        88
07:27:16 PM        10      1886    153.02    132.12     72.66        82
07:27:17 PM         8      1889    153.02    132.12     72.66        99
07:27:18 PM        13      1891    153.02    132.12     72.66        74
07:27:19 PM         9      1886    153.02    132.12     72.66        77
07:27:20 PM         9      1886    147.98    131.42     72.75        80
07:27:21 PM        11      1888    147.98    131.42     72.75       759
07:27:22 PM        13      1888    147.98    131.42     72.75        85
07:27:23 PM         9      1889    147.98    131.42     72.75       253
07:27:24 PM         8      1891    147.98    131.42     72.75       770
07:27:25 PM        13      1893    166.56    135.55     74.40        79
07:27:26 PM         8      1892    166.56    135.55     74.40        78
07:27:27 PM        12      1893    166.56    135.55     74.40        78
07:27:28 PM        10      1894    166.56    135.55     74.40        96
07:27:29 PM         6      1894    166.56    135.55     74.40       111
07:27:30 PM         8      1894    165.55    135.85     74.83       116
07:27:31 PM         5      1894    165.55    135.85     74.83       144
07:27:33 PM         8      1894    165.55    135.85     74.83       599
07:27:34 PM         6      1896    165.55    135.85     74.83       101
07:27:35 PM         5      1898    216.92    146.99     78.76       763
07:27:36 PM         6      1898    216.92    146.99     78.76       109
07:27:37 PM        12      1900    216.92    146.99     78.76       308
07:27:38 PM         5      1901    216.92    146.99     78.76        94
07:27:39 PM         4      1904    216.92    146.99     78.76        89
07:27:40 PM         3      1906    208.83    146.48     78.96        99
07:27:41 PM         7      1908    208.83    146.48     78.96       102
07:27:42 PM         5      1908    208.83    146.48     78.96        84
07:27:43 PM         8      1909    208.83    146.48     78.96       185
07:27:44 PM         5      1906    208.83    146.48     78.96       107
07:27:45 PM         6      1905    201.72    146.04     79.18        95
07:27:46 PM         4      1910    201.72    146.04     79.18        93
07:27:47 PM         4      1913    201.72    146.04     79.18        91
07:27:48 PM         5      1914    201.72    146.04     79.18        91
07:27:49 PM         7      1917    201.72    146.04     79.18        90
07:27:50 PM         3      1921    194.54    145.47     79.36        82
07:27:51 PM         5      1921    194.54    145.47     79.36        80
07:27:52 PM         7      1920    194.54    145.47     79.36       103
07:27:53 PM        10      1922    194.54    145.47     79.36       103
07:27:54 PM         3      1923    191.85    145.73     79.80       151
07:27:55 PM         5      1924    191.85    145.73     79.80       165
07:27:56 PM         5      1924    191.85    145.73     79.80       132
07:27:57 PM        12      1928    191.85    145.73     79.80       102
07:27:58 PM         2      1928    191.85    145.73     79.80       115
07:27:59 PM         7      1928    191.85    145.73     79.80        99
07:28:00 PM         3      1929    187.38    145.57     80.10        92
07:28:01 PM         3      1100    187.38    145.57     80.10        24
