# started_at=2025-12-14T01:53:18+03:00
# columns: ts total_threads R runnable S sleeping D uninterruptible other

ts=2025-12-14T01:53:18+03:00 total=5 R=0 S=5 D=0 other=0
ts=2025-12-14T01:53:20+03:00 total=5 R=0 S=5 D=0 other=0
ts=2025-12-14T01:53:21+03:00 total=5 R=1 S=5 D=0 other=-1
ts=2025-12-14T01:53:23+03:00 total=5 R=0 S=5 D=0 other=0
ts=2025-12-14T01:53:24+03:00 total=5 R=0 S=5 D=0 other=0
ts=2025-12-14T01:53:25+03:00 total=5 R=0 S=5 D=0 other=0
ts=2025-12-14T01:53:27+03:00 total=5 R=0 S=5 D=0 other=0
ts=2025-12-14T01:53:28+03:00 total=5 R=0 S=5 D=0 other=0
ts=2025-12-14T01:53:30+03:00 total=5 R=0 S=5 D=0 other=0
ts=2025-12-14T01:53:31+03:00 total=5 R=0 S=5 D=0 other=0
ts=2025-12-14T01:53:33+03:00 total=5 R=0 S=5 D=0 other=0
ts=2025-12-14T01:53:34+03:00 total=5 R=0 S=5 D=0 other=0
ts=2025-12-14T01:53:35+03:00 total=5 R=0 S=5 D=0 other=0
ts=2025-12-14T01:53:37+03:00 total=5 R=0 S=5 D=0 other=0
ts=2025-12-14T01:53:38+03:00 total=5 R=0 S=5 D=0 other=0
ts=2025-12-14T01:53:39+03:00 total=5 R=0 S=5 D=0 other=0
ts=2025-12-14T01:53:41+03:00 total=5 R=0 S=5 D=0 other=0
ts=2025-12-14T01:53:42+03:00 total=5 R=0 S=5 D=0 other=0
ts=2025-12-14T01:53:44+03:00 total=5 R=0 S=5 D=0 other=0
ts=2025-12-14T01:53:45+03:00 total=5 R=0 S=5 D=0 other=0
ts=2025-12-14T01:53:46+03:00 total=5 R=0 S=5 D=0 other=0
ts=2025-12-14T01:53:48+03:00 total=5 R=0 S=5 D=0 other=0
ts=2025-12-14T01:53:49+03:00 total=5 R=0 S=5 D=0 other=0
ts=2025-12-14T01:53:50+03:00 total=5 R=0 S=5 D=0 other=0
ts=2025-12-14T01:53:52+03:00 total=5 R=0 S=5 D=0 other=0
ts=2025-12-14T01:53:53+03:00 total=5 R=0 S=5 D=0 other=0
ts=2025-12-14T01:53:55+03:00 total=5 R=0 S=5 D=0 other=0
ts=2025-12-14T01:53:56+03:00 total=5 R=0 S=5 D=0 other=0
ts=2025-12-14T01:53:57+03:00 total=5 R=0 S=5 D=0 other=0
ts=2025-12-14T01:53:59+03:00 total=5 R=0 S=5 D=0 other=0
ts=2025-12-14T01:54:00+03:00 total=5 R=1 S=5 D=0 other=-1
ts=2025-12-14T01:54:02+03:00 total=5 R=0 S=5 D=0 other=0
ts=2025-12-14T01:54:03+03:00 total=5 R=0 S=5 D=0 other=0
ts=2025-12-14T01:54:05+03:00 total=5 R=0 S=5 D=0 other=0
ts=2025-12-14T01:54:06+03:00 total=5 R=0 S=5 D=0 other=0
ts=2025-12-14T01:54:07+03:00 total=5 R=0 S=5 D=0 other=0
ts=2025-12-14T01:54:09+03:00 total=5 R=0 S=5 D=0 other=0
ts=2025-12-14T01:54:10+03:00 total=5 R=0 S=5 D=0 other=0
ts=2025-12-14T01:54:12+03:00 total=5 R=0 S=5 D=0 other=0
ts=2025-12-14T01:54:13+03:00 total=5 R=0 S=5 D=0 other=0
ts=2025-12-14T01:54:14+03:00 total=5 R=0 S=5 D=0 other=0
ts=2025-12-14T01:54:16+03:00 total=5 R=0 S=5 D=0 other=0
ts=2025-12-14T01:54:17+03:00 total=5 R=0 S=5 D=0 other=0
ts=2025-12-14T01:54:18+03:00 total=5 R=0 S=5 D=0 other=0
ts=2025-12-14T01:54:20+03:00 total=5 R=0 S=5 D=0 other=0
ts=2025-12-14T01:54:21+03:00 total=5 R=0 S=5 D=0 other=0
ts=2025-12-14T01:54:23+03:00 total=5 R=0 S=5 D=0 other=0
ts=2025-12-14T01:54:24+03:00 total=5 R=0 S=5 D=0 other=0
ts=2025-12-14T01:54:26+03:00 total=5 R=0 S=5 D=0 other=0
ts=2025-12-14T01:54:27+03:00 total=5 R=0 S=5 D=0 other=0
ts=2025-12-14T01:54:28+03:00 total=5 R=0 S=5 D=0 other=0
ts=2025-12-14T01:54:30+03:00 total=5 R=0 S=5 D=0 other=0
ts=2025-12-14T01:54:31+03:00 total=5 R=0 S=5 D=0 other=0
ts=2025-12-14T01:54:33+03:00 total=5 R=0 S=5 D=0 other=0
ts=2025-12-14T01:54:34+03:00 total=5 R=0 S=5 D=0 other=0
ts=2025-12-14T01:54:35+03:00 total=5 R=0 S=5 D=0 other=0
ts=2025-12-14T01:54:37+03:00 total=5 R=0 S=5 D=0 other=0
ts=2025-12-14T01:54:38+03:00 total=5 R=0 S=5 D=0 other=0
ts=2025-12-14T01:54:39+03:00 total=5 R=0 S=5 D=0 other=0
ts=2025-12-14T01:54:41+03:00 total=5 R=0 S=5 D=0 other=0
ts=2025-12-14T01:54:42+03:00 total=5 R=0 S=5 D=0 other=0
ts=2025-12-14T01:54:44+03:00 total=5 R=0 S=5 D=0 other=0
ts=2025-12-14T01:54:45+03:00 total=5 R=0 S=5 D=0 other=0
ts=2025-12-14T01:54:46+03:00 total=5 R=0 S=5 D=0 other=0
ts=2025-12-14T01:54:48+03:00 total=5 R=0 S=5 D=0 other=0
ts=2025-12-14T01:54:49+03:00 total=5 R=0 S=5 D=0 other=0
ts=2025-12-14T01:54:51+03:00 total=5 R=0 S=5 D=0 other=0
ts=2025-12-14T01:54:52+03:00 total=5 R=0 S=5 D=0 other=0
ts=2025-12-14T01:54:53+03:00 total=5 R=0 S=5 D=0 other=0
ts=2025-12-14T01:54:55+03:00 total=5 R=0 S=5 D=0 other=0
ts=2025-12-14T01:54:56+03:00 total=5 R=0 S=5 D=0 other=0
ts=2025-12-14T01:54:58+03:00 total=5 R=0 S=5 D=0 other=0
ts=2025-12-14T01:54:59+03:00 total=5 R=0 S=5 D=0 other=0
ts=2025-12-14T01:55:00+03:00 total=5 R=0 S=5 D=0 other=0
ts=2025-12-14T01:55:02+03:00 total=5 R=0 S=5 D=0 other=0
ts=2025-12-14T01:55:03+03:00 total=5 R=0 S=5 D=0 other=0
ts=2025-12-14T01:55:05+03:00 total=5 R=0 S=5 D=0 other=0
ts=2025-12-14T01:55:06+03:00 total=5 R=0 S=5 D=0 other=0
ts=2025-12-14T01:55:07+03:00 total=5 R=0 S=5 D=0 other=0
ts=2025-12-14T01:55:09+03:00 total=5 R=0 S=5 D=0 other=0
ts=2025-12-14T01:55:10+03:00 total=5 R=0 S=5 D=0 other=0
ts=2025-12-14T01:55:12+03:00 total=5 R=0 S=5 D=0 other=0
ts=2025-12-14T01:55:13+03:00 total=5 R=0 S=5 D=0 other=0
ts=2025-12-14T01:55:14+03:00 total=5 R=0 S=5 D=0 other=0
ts=2025-12-14T01:55:16+03:00 total=5 R=0 S=5 D=0 other=0
ts=2025-12-14T01:55:17+03:00 total=5 R=0 S=5 D=0 other=0
ts=2025-12-14T01:55:18+03:00 total=5 R=0 S=5 D=0 other=0
ts=2025-12-14T01:55:20+03:00 total=5 R=0 S=5 D=0 other=0
ts=2025-12-14T01:55:21+03:00 total=5 R=0 S=5 D=0 other=0
ts=2025-12-14T01:55:22+03:00 total=5 R=0 S=5 D=0 other=0
ts=2025-12-14T01:55:24+03:00 total=5 R=0 S=5 D=0 other=0
ts=2025-12-14T01:55:25+03:00 total=5 R=0 S=5 D=0 other=0
ts=2025-12-14T01:55:27+03:00 total=5 R=0 S=5 D=0 other=0
ts=2025-12-14T01:55:28+03:00 total=5 R=0 S=5 D=0 other=0
ts=2025-12-14T01:55:30+03:00 total=5 R=0 S=5 D=0 other=0
ts=2025-12-14T01:55:31+03:00 total=5 R=0 S=5 D=0 other=0
ts=2025-12-14T01:55:32+03:00 total=5 R=0 S=5 D=0 other=0
ts=2025-12-14T01:55:34+03:00 total=5 R=0 S=5 D=0 other=0
ts=2025-12-14T01:55:35+03:00 total=5 R=0 S=5 D=0 other=0
ts=2025-12-14T01:55:36+03:00 total=5 R=0 S=5 D=0 other=0
ts=2025-12-14T01:55:38+03:00 total=5 R=0 S=5 D=0 other=0
ts=2025-12-14T01:55:39+03:00 total=5 R=0 S=5 D=0 other=0
ts=2025-12-14T01:55:41+03:00 total=5 R=0 S=5 D=0 other=0
ts=2025-12-14T01:55:42+03:00 total=5 R=0 S=4 D=0 other=1
ts=2025-12-14T01:55:44+03:00 total=5 R=0 S=5 D=0 other=0
ts=2025-12-14T01:55:45+03:00 total=5 R=0 S=5 D=0 other=0
ts=2025-12-14T01:55:46+03:00 total=5 R=0 S=5 D=0 other=0
ts=2025-12-14T01:55:48+03:00 total=5 R=0 S=5 D=0 other=0
ts=2025-12-14T01:55:49+03:00 total=5 R=0 S=5 D=0 other=0
ts=2025-12-14T01:55:50+03:00 total=5 R=0 S=5 D=0 other=0
ts=2025-12-14T01:55:52+03:00 total=5 R=0 S=5 D=0 other=0
ts=2025-12-14T01:55:53+03:00 total=5 R=0 S=5 D=0 other=0
ts=2025-12-14T01:55:55+03:00 total=5 R=0 S=5 D=0 other=0
ts=2025-12-14T01:55:56+03:00 total=5 R=0 S=5 D=0 other=0
ts=2025-12-14T01:55:57+03:00 total=5 R=0 S=5 D=0 other=0
ts=2025-12-14T01:55:59+03:00 total=5 R=0 S=5 D=0 other=0
ts=2025-12-14T01:56:00+03:00 total=5 R=0 S=5 D=0 other=0
ts=2025-12-14T01:56:02+03:00 total=5 R=0 S=5 D=0 other=0
ts=2025-12-14T01:56:03+03:00 total=5 R=0 S=5 D=0 other=0
ts=2025-12-14T01:56:05+03:00 total=5 R=0 S=5 D=0 other=0
ts=2025-12-14T01:56:06+03:00 total=5 R=0 S=5 D=0 other=0
ts=2025-12-14T01:56:07+03:00 total=5 R=0 S=5 D=0 other=0
ts=2025-12-14T01:56:09+03:00 total=5 R=0 S=5 D=0 other=0
ts=2025-12-14T01:56:10+03:00 total=5 R=0 S=5 D=0 other=0
ts=2025-12-14T01:56:12+03:00 total=5 R=0 S=5 D=0 other=0
ts=2025-12-14T01:56:13+03:00 total=5 R=0 S=5 D=0 other=0
ts=2025-12-14T01:56:14+03:00 total=5 R=0 S=5 D=0 other=0
ts=2025-12-14T01:56:16+03:00 total=5 R=0 S=5 D=0 other=0
ts=2025-12-14T01:56:17+03:00 total=5 R=0 S=5 D=0 other=0
ts=2025-12-14T01:56:19+03:00 total=5 R=0 S=5 D=0 other=0
ts=2025-12-14T01:56:20+03:00 total=5 R=0 S=5 D=0 other=0
ts=2025-12-14T01:56:21+03:00 total=5 R=0 S=5 D=0 other=0
ts=2025-12-14T01:56:23+03:00 total=5 R=0 S=5 D=0 other=0
ts=2025-12-14T01:56:24+03:00 total=7 R=0 S=7 D=0 other=0
ts=2025-12-14T01:56:26+03:00 total=7 R=0 S=7 D=0 other=0
ts=2025-12-14T01:56:27+03:00 total=7 R=0 S=7 D=0 other=0
ts=2025-12-14T01:56:28+03:00 total=7 R=0 S=7 D=0 other=0
ts=2025-12-14T01:56:30+03:00 total=7 R=0 S=7 D=0 other=0
ts=2025-12-14T01:56:31+03:00 total=7 R=0 S=7 D=0 other=0
ts=2025-12-14T01:56:32+03:00 total=7 R=0 S=7 D=0 other=0
ts=2025-12-14T01:56:34+03:00 total=7 R=0 S=7 D=0 other=0
ts=2025-12-14T01:56:35+03:00 total=7 R=0 S=7 D=0 other=0
ts=2025-12-14T01:56:37+03:00 total=7 R=0 S=7 D=0 other=0
ts=2025-12-14T01:56:38+03:00 total=7 R=0 S=7 D=0 other=0
ts=2025-12-14T01:56:39+03:00 total=7 R=0 S=7 D=0 other=0
ts=2025-12-14T01:56:41+03:00 total=7 R=0 S=8 D=0 other=-1
ts=2025-12-14T01:56:42+03:00 total=8 R=0 S=8 D=0 other=0
ts=2025-12-14T01:56:44+03:00 total=8 R=0 S=8 D=0 other=0
ts=2025-12-14T01:56:45+03:00 total=8 R=0 S=8 D=0 other=0
ts=2025-12-14T01:56:46+03:00 total=8 R=0 S=8 D=0 other=0
ts=2025-12-14T01:56:48+03:00 total=8 R=0 S=8 D=0 other=0
ts=2025-12-14T01:56:49+03:00 total=8 R=1 S=8 D=0 other=-1
ts=2025-12-14T01:56:51+03:00 total=8 R=0 S=8 D=0 other=0
ts=2025-12-14T01:56:52+03:00 total=8 R=0 S=8 D=0 other=0
ts=2025-12-14T01:56:54+03:00 total=8 R=0 S=8 D=0 other=0
ts=2025-12-14T01:56:55+03:00 total=8 R=0 S=8 D=0 other=0
ts=2025-12-14T01:56:56+03:00 total=8 R=0 S=8 D=0 other=0
ts=2025-12-14T01:56:58+03:00 total=8 R=0 S=8 D=0 other=0
ts=2025-12-14T01:56:59+03:00 total=8 R=0 S=8 D=0 other=0
ts=2025-12-14T01:57:00+03:00 total=8 R=0 S=8 D=0 other=0
ts=2025-12-14T01:57:02+03:00 total=8 R=0 S=8 D=0 other=0
ts=2025-12-14T01:57:03+03:00 total=8 R=0 S=8 D=0 other=0
ts=2025-12-14T01:57:05+03:00 total=9 R=0 S=9 D=0 other=0
ts=2025-12-14T01:57:06+03:00 total=9 R=0 S=9 D=0 other=0
ts=2025-12-14T01:57:07+03:00 total=9 R=0 S=9 D=0 other=0
ts=2025-12-14T01:57:09+03:00 total=9 R=0 S=9 D=0 other=0
ts=2025-12-14T01:57:10+03:00 total=9 R=0 S=9 D=0 other=0
ts=2025-12-14T01:57:12+03:00 total=9 R=0 S=9 D=0 other=0
ts=2025-12-14T01:57:13+03:00 total=9 R=0 S=9 D=0 other=0
ts=2025-12-14T01:57:14+03:00 total=9 R=0 S=9 D=0 other=0
ts=2025-12-14T01:57:16+03:00 total=9 R=0 S=9 D=0 other=0
ts=2025-12-14T01:57:17+03:00 total=9 R=0 S=9 D=0 other=0
ts=2025-12-14T01:57:19+03:00 total=9 R=0 S=9 D=0 other=0
ts=2025-12-14T01:57:20+03:00 total=9 R=0 S=9 D=0 other=0
ts=2025-12-14T01:57:21+03:00 total=9 R=0 S=9 D=0 other=0
ts=2025-12-14T01:57:23+03:00 total=9 R=0 S=9 D=0 other=0
ts=2025-12-14T01:57:24+03:00 total=9 R=0 S=9 D=0 other=0
ts=2025-12-14T01:57:26+03:00 total=9 R=0 S=9 D=0 other=0
ts=2025-12-14T01:57:27+03:00 total=9 R=0 S=8 D=0 other=1
ts=2025-12-14T01:57:28+03:00 total=9 R=0 S=9 D=0 other=0
ts=2025-12-14T01:57:30+03:00 total=9 R=0 S=9 D=0 other=0
ts=2025-12-14T01:57:31+03:00 total=9 R=0 S=9 D=0 other=0
ts=2025-12-14T01:57:33+03:00 total=9 R=0 S=9 D=0 other=0
ts=2025-12-14T01:57:34+03:00 total=9 R=0 S=9 D=0 other=0
ts=2025-12-14T01:57:35+03:00 total=9 R=0 S=9 D=0 other=0
ts=2025-12-14T01:57:37+03:00 total=9 R=0 S=9 D=0 other=0
ts=2025-12-14T01:57:38+03:00 total=9 R=0 S=9 D=0 other=0
ts=2025-12-14T01:57:40+03:00 total=9 R=0 S=9 D=0 other=0
ts=2025-12-14T01:57:41+03:00 total=9 R=0 S=9 D=0 other=0
ts=2025-12-14T01:57:42+03:00 total=9 R=0 S=9 D=0 other=0
ts=2025-12-14T01:57:44+03:00 total=9 R=0 S=9 D=0 other=0
ts=2025-12-14T01:57:45+03:00 total=9 R=0 S=9 D=0 other=0
ts=2025-12-14T01:57:47+03:00 total=9 R=0 S=9 D=0 other=0
ts=2025-12-14T01:57:48+03:00 total=9 R=0 S=9 D=0 other=0
ts=2025-12-14T01:57:49+03:00 total=9 R=0 S=9 D=0 other=0
ts=2025-12-14T01:57:51+03:00 total=9 R=1 S=9 D=0 other=-1
ts=2025-12-14T01:57:52+03:00 total=9 R=0 S=9 D=0 other=0
ts=2025-12-14T01:57:54+03:00 total=9 R=0 S=9 D=0 other=0
ts=2025-12-14T01:57:55+03:00 total=9 R=0 S=9 D=0 other=0
ts=2025-12-14T01:57:56+03:00 total=9 R=0 S=9 D=0 other=0
ts=2025-12-14T01:57:58+03:00 total=9 R=0 S=9 D=0 other=0
ts=2025-12-14T01:57:59+03:00 total=9 R=0 S=9 D=0 other=0
ts=2025-12-14T01:58:01+03:00 total=9 R=0 S=9 D=0 other=0
ts=2025-12-14T01:58:02+03:00 total=9 R=0 S=9 D=0 other=0
ts=2025-12-14T01:58:03+03:00 total=9 R=0 S=9 D=0 other=0
ts=2025-12-14T01:58:05+03:00 total=9 R=0 S=9 D=0 other=0
ts=2025-12-14T01:58:06+03:00 total=9 R=0 S=9 D=0 other=0
ts=2025-12-14T01:58:08+03:00 total=9 R=0 S=9 D=0 other=0
ts=2025-12-14T01:58:09+03:00 total=9 R=0 S=9 D=0 other=0
ts=2025-12-14T01:58:10+03:00 total=9 R=0 S=9 D=0 other=0
ts=2025-12-14T01:58:12+03:00 total=9 R=0 S=9 D=0 other=0
ts=2025-12-14T01:58:13+03:00 total=9 R=0 S=9 D=0 other=0
ts=2025-12-14T01:58:15+03:00 total=9 R=0 S=9 D=0 other=0
ts=2025-12-14T01:58:16+03:00 total=9 R=0 S=9 D=0 other=0
ts=2025-12-14T01:58:17+03:00 total=9 R=2 S=9 D=0 other=-2
ts=2025-12-14T01:58:19+03:00 total=9 R=0 S=9 D=0 other=0
ts=2025-12-14T01:58:20+03:00 total=9 R=0 S=9 D=0 other=0
ts=2025-12-14T01:58:22+03:00 total=9 R=0 S=9 D=0 other=0
ts=2025-12-14T01:58:23+03:00 total=9 R=0 S=9 D=0 other=0
ts=2025-12-14T01:58:25+03:00 total=9 R=0 S=9 D=0 other=0
ts=2025-12-14T01:58:26+03:00 total=9 R=0 S=9 D=0 other=0
ts=2025-12-14T01:58:27+03:00 total=9 R=0 S=9 D=0 other=0
ts=2025-12-14T01:58:29+03:00 total=9 R=0 S=9 D=0 other=0
ts=2025-12-14T01:58:30+03:00 total=9 R=0 S=9 D=0 other=0
ts=2025-12-14T01:58:31+03:00 total=9 R=0 S=9 D=0 other=0
ts=2025-12-14T01:58:33+03:00 total=9 R=0 S=9 D=0 other=0
ts=2025-12-14T01:58:34+03:00 total=9 R=0 S=9 D=0 other=0
ts=2025-12-14T01:58:36+03:00 total=9 R=0 S=9 D=0 other=0
ts=2025-12-14T01:58:37+03:00 total=9 R=0 S=9 D=0 other=0
ts=2025-12-14T01:58:38+03:00 total=9 R=0 S=9 D=0 other=0
ts=2025-12-14T01:58:40+03:00 total=9 R=0 S=9 D=0 other=0
ts=2025-12-14T01:58:41+03:00 total=9 R=0 S=9 D=0 other=0
ts=2025-12-14T01:58:42+03:00 total=9 R=0 S=9 D=0 other=0
ts=2025-12-14T01:58:44+03:00 total=9 R=0 S=9 D=0 other=0
ts=2025-12-14T01:58:45+03:00 total=9 R=0 S=9 D=0 other=0
ts=2025-12-14T01:58:46+03:00 total=9 R=0 S=9 D=0 other=0
ts=2025-12-14T01:58:48+03:00 total=9 R=0 S=9 D=0 other=0
ts=2025-12-14T01:58:49+03:00 total=9 R=0 S=9 D=0 other=0
ts=2025-12-14T01:58:51+03:00 total=9 R=0 S=9 D=0 other=0
ts=2025-12-14T01:58:52+03:00 total=9 R=0 S=9 D=0 other=0
ts=2025-12-14T01:58:53+03:00 total=9 R=0 S=9 D=0 other=0
ts=2025-12-14T01:58:55+03:00 total=9 R=0 S=9 D=0 other=0
ts=2025-12-14T01:58:56+03:00 total=9 R=0 S=9 D=0 other=0
ts=2025-12-14T01:58:58+03:00 total=9 R=0 S=9 D=0 other=0
ts=2025-12-14T01:58:59+03:00 total=9 R=0 S=9 D=0 other=0
ts=2025-12-14T01:59:00+03:00 total=9 R=0 S=9 D=0 other=0
ts=2025-12-14T01:59:02+03:00 total=9 R=0 S=9 D=0 other=0
ts=2025-12-14T01:59:03+03:00 total=9 R=0 S=9 D=0 other=0
ts=2025-12-14T01:59:05+03:00 total=9 R=0 S=9 D=0 other=0
ts=2025-12-14T01:59:06+03:00 total=9 R=0 S=9 D=0 other=0
ts=2025-12-14T01:59:07+03:00 total=9 R=0 S=9 D=0 other=0
ts=2025-12-14T01:59:09+03:00 total=9 R=0 S=9 D=0 other=0
ts=2025-12-14T01:59:10+03:00 total=9 R=0 S=9 D=0 other=0
ts=2025-12-14T01:59:12+03:00 total=9 R=0 S=9 D=0 other=0
ts=2025-12-14T01:59:13+03:00 total=9 R=0 S=9 D=0 other=0
ts=2025-12-14T01:59:14+03:00 total=9 R=0 S=9 D=0 other=0
ts=2025-12-14T01:59:16+03:00 total=9 R=0 S=9 D=0 other=0
ts=2025-12-14T01:59:17+03:00 total=9 R=0 S=9 D=0 other=0
ts=2025-12-14T01:59:18+03:00 total=9 R=0 S=9 D=0 other=0
ts=2025-12-14T01:59:20+03:00 total=9 R=0 S=9 D=1 other=-1
ts=2025-12-14T01:59:21+03:00 total=9 R=0 S=9 D=0 other=0
ts=2025-12-14T01:59:23+03:00 total=9 R=0 S=9 D=0 other=0
ts=2025-12-14T01:59:24+03:00 total=9 R=0 S=9 D=0 other=0
ts=2025-12-14T01:59:25+03:00 total=9 R=0 S=9 D=0 other=0
ts=2025-12-14T01:59:27+03:00 total=9 R=0 S=9 D=0 other=0
ts=2025-12-14T01:59:28+03:00 total=9 R=0 S=9 D=0 other=0
ts=2025-12-14T01:59:30+03:00 total=9 R=0 S=9 D=0 other=0
ts=2025-12-14T01:59:31+03:00 total=9 R=0 S=9 D=0 other=0
ts=2025-12-14T01:59:32+03:00 total=9 R=0 S=9 D=0 other=0
ts=2025-12-14T01:59:34+03:00 total=9 R=0 S=9 D=0 other=0
ts=2025-12-14T01:59:35+03:00 total=9 R=0 S=9 D=0 other=0
ts=2025-12-14T01:59:37+03:00 total=9 R=0 S=8 D=0 other=1
ts=2025-12-14T01:59:38+03:00 total=9 R=0 S=9 D=0 other=0
ts=2025-12-14T01:59:40+03:00 total=9 R=0 S=9 D=0 other=0
ts=2025-12-14T01:59:41+03:00 total=10 R=0 S=10 D=0 other=0
ts=2025-12-14T01:59:42+03:00 total=10 R=0 S=10 D=0 other=0
ts=2025-12-14T01:59:44+03:00 total=10 R=0 S=10 D=0 other=0
ts=2025-12-14T01:59:45+03:00 total=10 R=0 S=10 D=0 other=0
ts=2025-12-14T01:59:47+03:00 total=10 R=0 S=10 D=0 other=0
ts=2025-12-14T01:59:48+03:00 total=10 R=0 S=10 D=0 other=0
ts=2025-12-14T01:59:49+03:00 total=10 R=0 S=10 D=0 other=0
ts=2025-12-14T01:59:51+03:00 total=10 R=0 S=10 D=0 other=0
ts=2025-12-14T01:59:52+03:00 total=10 R=0 S=10 D=0 other=0
ts=2025-12-14T01:59:53+03:00 total=10 R=0 S=10 D=0 other=0
ts=2025-12-14T01:59:55+03:00 total=10 R=0 S=10 D=0 other=0
ts=2025-12-14T01:59:56+03:00 total=10 R=0 S=9 D=0 other=1
ts=2025-12-14T01:59:58+03:00 total=10 R=0 S=10 D=0 other=0
ts=2025-12-14T01:59:59+03:00 total=10 R=0 S=10 D=0 other=0
ts=2025-12-14T02:00:01+03:00 total=10 R=0 S=10 D=0 other=0
ts=2025-12-14T02:00:02+03:00 total=10 R=0 S=10 D=0 other=0
ts=2025-12-14T02:00:04+03:00 total=10 R=0 S=10 D=0 other=0
ts=2025-12-14T02:00:05+03:00 total=10 R=0 S=10 D=0 other=0
ts=2025-12-14T02:00:06+03:00 total=10 R=0 S=10 D=0 other=0
ts=2025-12-14T02:00:08+03:00 total=10 R=0 S=10 D=0 other=0
ts=2025-12-14T02:00:09+03:00 total=10 R=0 S=10 D=0 other=0
ts=2025-12-14T02:00:11+03:00 total=10 R=0 S=10 D=0 other=0
ts=2025-12-14T02:00:12+03:00 total=10 R=0 S=10 D=0 other=0
ts=2025-12-14T02:00:13+03:00 total=10 R=1 S=10 D=0 other=-1
ts=2025-12-14T02:00:15+03:00 total=10 R=0 S=10 D=0 other=0
ts=2025-12-14T02:00:16+03:00 total=10 R=0 S=10 D=0 other=0
ts=2025-12-14T02:00:18+03:00 total=10 R=0 S=10 D=0 other=0
ts=2025-12-14T02:00:19+03:00 total=10 R=0 S=10 D=0 other=0
ts=2025-12-14T02:00:21+03:00 total=10 R=0 S=10 D=0 other=0
ts=2025-12-14T02:00:22+03:00 total=10 R=0 S=10 D=0 other=0
ts=2025-12-14T02:00:23+03:00 total=10 R=0 S=8 D=0 other=2
ts=2025-12-14T02:00:25+03:00 total=10 R=0 S=10 D=0 other=0
ts=2025-12-14T02:00:26+03:00 total=10 R=0 S=10 D=0 other=0
ts=2025-12-14T02:00:28+03:00 total=10 R=0 S=9 D=0 other=1
ts=2025-12-14T02:00:29+03:00 total=10 R=0 S=10 D=0 other=0
ts=2025-12-14T02:00:30+03:00 total=10 R=0 S=10 D=0 other=0
ts=2025-12-14T02:00:32+03:00 total=10 R=0 S=10 D=0 other=0
ts=2025-12-14T02:00:33+03:00 total=10 R=0 S=10 D=0 other=0
ts=2025-12-14T02:00:34+03:00 total=10 R=0 S=10 D=0 other=0
ts=2025-12-14T02:00:36+03:00 total=10 R=0 S=10 D=0 other=0
ts=2025-12-14T02:00:37+03:00 total=10 R=0 S=10 D=0 other=0
ts=2025-12-14T02:00:39+03:00 total=10 R=0 S=9 D=0 other=1
ts=2025-12-14T02:00:40+03:00 total=10 R=0 S=10 D=0 other=0
ts=2025-12-14T02:00:42+03:00 total=10 R=0 S=10 D=0 other=0
ts=2025-12-14T02:00:43+03:00 total=10 R=0 S=10 D=0 other=0
ts=2025-12-14T02:00:45+03:00 total=10 R=0 S=10 D=0 other=0
ts=2025-12-14T02:00:46+03:00 total=10 R=0 S=10 D=0 other=0
ts=2025-12-14T02:00:47+03:00 total=10 R=0 S=10 D=0 other=0
ts=2025-12-14T02:00:49+03:00 total=10 R=0 S=10 D=0 other=0
ts=2025-12-14T02:00:50+03:00 total=10 R=0 S=10 D=0 other=0
ts=2025-12-14T02:00:52+03:00 total=10 R=0 S=10 D=0 other=0
ts=2025-12-14T02:00:53+03:00 total=10 R=0 S=10 D=0 other=0
ts=2025-12-14T02:00:54+03:00 total=10 R=0 S=10 D=0 other=0
ts=2025-12-14T02:00:56+03:00 total=10 R=0 S=10 D=0 other=0
ts=2025-12-14T02:00:57+03:00 total=10 R=0 S=10 D=0 other=0
ts=2025-12-14T02:00:59+03:00 total=10 R=0 S=10 D=0 other=0
ts=2025-12-14T02:01:00+03:00 total=10 R=0 S=9 D=0 other=1
ts=2025-12-14T02:01:02+03:00 total=10 R=0 S=10 D=0 other=0
ts=2025-12-14T02:01:03+03:00 total=10 R=0 S=10 D=0 other=0
ts=2025-12-14T02:01:05+03:00 total=10 R=0 S=10 D=0 other=0
ts=2025-12-14T02:01:06+03:00 total=10 R=0 S=10 D=0 other=0
ts=2025-12-14T02:01:07+03:00 total=10 R=0 S=10 D=0 other=0
ts=2025-12-14T02:01:09+03:00 total=10 R=0 S=10 D=0 other=0
ts=2025-12-14T02:01:10+03:00 total=10 R=0 S=10 D=0 other=0
ts=2025-12-14T02:01:12+03:00 total=10 R=0 S=10 D=0 other=0
ts=2025-12-14T02:01:13+03:00 total=10 R=0 S=10 D=0 other=0
ts=2025-12-14T02:01:14+03:00 total=10 R=0 S=10 D=0 other=0
ts=2025-12-14T02:01:16+03:00 total=10 R=0 S=10 D=0 other=0
ts=2025-12-14T02:01:17+03:00 total=10 R=0 S=10 D=0 other=0
ts=2025-12-14T02:01:19+03:00 total=10 R=0 S=10 D=0 other=0
ts=2025-12-14T02:01:20+03:00 total=10 R=0 S=10 D=0 other=0
ts=2025-12-14T02:01:21+03:00 total=10 R=0 S=10 D=0 other=0
ts=2025-12-14T02:01:23+03:00 total=10 R=0 S=10 D=0 other=0
ts=2025-12-14T02:01:24+03:00 total=10 R=0 S=10 D=0 other=0
ts=2025-12-14T02:01:26+03:00 total=10 R=0 S=10 D=0 other=0
ts=2025-12-14T02:01:27+03:00 total=10 R=1 S=10 D=0 other=-1
ts=2025-12-14T02:01:28+03:00 total=10 R=0 S=10 D=0 other=0
ts=2025-12-14T02:01:30+03:00 total=10 R=0 S=10 D=0 other=0
ts=2025-12-14T02:01:31+03:00 total=10 R=0 S=10 D=0 other=0
ts=2025-12-14T02:01:32+03:00 total=10 R=0 S=10 D=0 other=0
ts=2025-12-14T02:01:34+03:00 total=10 R=0 S=9 D=0 other=1
ts=2025-12-14T02:01:35+03:00 total=10 R=0 S=10 D=0 other=0
ts=2025-12-14T02:01:37+03:00 total=10 R=0 S=10 D=0 other=0
ts=2025-12-14T02:01:38+03:00 total=10 R=0 S=10 D=0 other=0
ts=2025-12-14T02:01:40+03:00 total=10 R=0 S=10 D=0 other=0
ts=2025-12-14T02:01:41+03:00 total=10 R=0 S=10 D=0 other=0
ts=2025-12-14T02:01:43+03:00 total=10 R=0 S=10 D=0 other=0
ts=2025-12-14T02:01:44+03:00 total=10 R=0 S=10 D=0 other=0
ts=2025-12-14T02:01:45+03:00 total=10 R=0 S=10 D=0 other=0
ts=2025-12-14T02:01:47+03:00 total=10 R=0 S=10 D=0 other=0
ts=2025-12-14T02:01:48+03:00 total=10 R=0 S=10 D=0 other=0
ts=2025-12-14T02:01:50+03:00 total=11 R=0 S=11 D=0 other=0
ts=2025-12-14T02:01:51+03:00 total=11 R=0 S=11 D=0 other=0
ts=2025-12-14T02:01:53+03:00 total=11 R=0 S=11 D=0 other=0
ts=2025-12-14T02:01:54+03:00 total=11 R=0 S=11 D=0 other=0
ts=2025-12-14T02:01:55+03:00 total=11 R=0 S=11 D=0 other=0
ts=2025-12-14T02:01:57+03:00 total=11 R=0 S=11 D=0 other=0
ts=2025-12-14T02:01:58+03:00 total=11 R=0 S=11 D=0 other=0
ts=2025-12-14T02:01:59+03:00 total=11 R=0 S=11 D=0 other=0
ts=2025-12-14T02:02:01+03:00 total=11 R=0 S=11 D=0 other=0
ts=2025-12-14T02:02:02+03:00 total=11 R=0 S=11 D=0 other=0
ts=2025-12-14T02:02:04+03:00 total=11 R=0 S=11 D=0 other=0
ts=2025-12-14T02:02:05+03:00 total=11 R=0 S=11 D=0 other=0
ts=2025-12-14T02:02:07+03:00 total=11 R=0 S=11 D=0 other=0
ts=2025-12-14T02:02:08+03:00 total=11 R=1 S=11 D=0 other=-1
ts=2025-12-14T02:02:09+03:00 total=11 R=0 S=11 D=0 other=0
ts=2025-12-14T02:02:11+03:00 total=11 R=0 S=11 D=0 other=0
ts=2025-12-14T02:02:12+03:00 total=11 R=0 S=11 D=0 other=0
ts=2025-12-14T02:02:14+03:00 total=11 R=0 S=11 D=0 other=0
ts=2025-12-14T02:02:15+03:00 total=11 R=0 S=11 D=0 other=0
ts=2025-12-14T02:02:17+03:00 total=11 R=0 S=11 D=0 other=0
ts=2025-12-14T02:02:18+03:00 total=11 R=0 S=11 D=0 other=0
ts=2025-12-14T02:02:19+03:00 total=11 R=0 S=11 D=0 other=0
ts=2025-12-14T02:02:21+03:00 total=11 R=1 S=11 D=0 other=-1
ts=2025-12-14T02:02:22+03:00 total=11 R=0 S=11 D=0 other=0
ts=2025-12-14T02:02:24+03:00 total=11 R=0 S=11 D=0 other=0
ts=2025-12-14T02:02:25+03:00 total=11 R=0 S=11 D=0 other=0
ts=2025-12-14T02:02:27+03:00 total=11 R=0 S=11 D=0 other=0
ts=2025-12-14T02:02:28+03:00 total=11 R=1 S=11 D=0 other=-1
ts=2025-12-14T02:02:30+03:00 total=11 R=0 S=11 D=0 other=0
ts=2025-12-14T02:02:31+03:00 total=11 R=0 S=10 D=0 other=1
ts=2025-12-14T02:02:33+03:00 total=11 R=0 S=11 D=0 other=0
ts=2025-12-14T02:02:34+03:00 total=11 R=0 S=11 D=0 other=0
ts=2025-12-14T02:02:35+03:00 total=11 R=1 S=11 D=1 other=-2
ts=2025-12-14T02:02:37+03:00 total=11 R=0 S=11 D=0 other=0
ts=2025-12-14T02:02:38+03:00 total=11 R=0 S=11 D=0 other=0
ts=2025-12-14T02:02:40+03:00 total=11 R=0 S=11 D=0 other=0
ts=2025-12-14T02:02:41+03:00 total=11 R=0 S=11 D=0 other=0
ts=2025-12-14T02:02:43+03:00 total=11 R=0 S=11 D=0 other=0
ts=2025-12-14T02:02:44+03:00 total=11 R=0 S=11 D=0 other=0
ts=2025-12-14T02:02:45+03:00 total=11 R=0 S=11 D=0 other=0
ts=2025-12-14T02:02:47+03:00 total=11 R=0 S=11 D=0 other=0
ts=2025-12-14T02:02:48+03:00 total=11 R=1 S=11 D=0 other=-1
ts=2025-12-14T02:02:50+03:00 total=11 R=0 S=11 D=0 other=0
ts=2025-12-14T02:02:51+03:00 total=11 R=0 S=11 D=0 other=0
ts=2025-12-14T02:02:53+03:00 total=11 R=0 S=9 D=0 other=2
ts=2025-12-14T02:02:54+03:00 total=11 R=0 S=11 D=0 other=0
ts=2025-12-14T02:02:56+03:00 total=11 R=0 S=11 D=0 other=0
ts=2025-12-14T02:02:57+03:00 total=11 R=0 S=11 D=0 other=0
ts=2025-12-14T02:02:58+03:00 total=11 R=0 S=11 D=0 other=0
ts=2025-12-14T02:03:00+03:00 total=11 R=0 S=11 D=0 other=0
ts=2025-12-14T02:03:01+03:00 total=11 R=0 S=11 D=0 other=0
ts=2025-12-14T02:03:03+03:00 total=11 R=0 S=10 D=0 other=1
ts=2025-12-14T02:03:04+03:00 total=11 R=0 S=11 D=0 other=0
ts=2025-12-14T02:03:05+03:00 total=11 R=0 S=11 D=0 other=0
ts=2025-12-14T02:03:07+03:00 total=11 R=1 S=10 D=0 other=0
ts=2025-12-14T02:03:08+03:00 total=11 R=0 S=11 D=0 other=0
ts=2025-12-14T02:03:10+03:00 total=11 R=0 S=11 D=0 other=0
ts=2025-12-14T02:03:11+03:00 total=11 R=0 S=11 D=0 other=0
ts=2025-12-14T02:03:13+03:00 total=11 R=0 S=11 D=0 other=0
ts=2025-12-14T02:03:14+03:00 total=11 R=0 S=11 D=0 other=0
ts=2025-12-14T02:03:16+03:00 total=11 R=0 S=11 D=0 other=0
ts=2025-12-14T02:03:17+03:00 total=11 R=0 S=11 D=0 other=0
ts=2025-12-14T02:03:19+03:00 total=11 R=0 S=11 D=0 other=0
ts=2025-12-14T02:03:20+03:00 total=11 R=0 S=11 D=0 other=0
ts=2025-12-14T02:03:21+03:00 total=11 R=0 S=11 D=0 other=0
ts=2025-12-14T02:03:23+03:00 total=11 R=0 S=11 D=0 other=0
ts=2025-12-14T02:03:24+03:00 total=11 R=0 S=11 D=0 other=0
ts=2025-12-14T02:03:26+03:00 total=11 R=1 S=11 D=0 other=-1
ts=2025-12-14T02:03:27+03:00 total=11 R=0 S=10 D=0 other=1
ts=2025-12-14T02:03:29+03:00 total=11 R=0 S=11 D=0 other=0
ts=2025-12-14T02:03:30+03:00 total=11 R=0 S=11 D=0 other=0
ts=2025-12-14T02:03:32+03:00 total=11 R=0 S=11 D=0 other=0
ts=2025-12-14T02:03:33+03:00 total=11 R=0 S=11 D=0 other=0
ts=2025-12-14T02:03:35+03:00 total=11 R=0 S=11 D=0 other=0
ts=2025-12-14T02:03:36+03:00 total=11 R=0 S=11 D=0 other=0
ts=2025-12-14T02:03:37+03:00 total=11 R=0 S=11 D=0 other=0
ts=2025-12-14T02:03:39+03:00 total=11 R=0 S=11 D=0 other=0
ts=2025-12-14T02:03:40+03:00 total=11 R=0 S=11 D=0 other=0
ts=2025-12-14T02:03:42+03:00 total=11 R=0 S=11 D=0 other=0
ts=2025-12-14T02:03:43+03:00 total=11 R=0 S=11 D=0 other=0
ts=2025-12-14T02:03:45+03:00 total=11 R=0 S=11 D=0 other=0
ts=2025-12-14T02:03:46+03:00 total=11 R=0 S=11 D=0 other=0
ts=2025-12-14T02:03:48+03:00 total=11 R=0 S=11 D=0 other=0
ts=2025-12-14T02:03:49+03:00 total=11 R=0 S=11 D=0 other=0
ts=2025-12-14T02:03:51+03:00 total=11 R=0 S=11 D=0 other=0
ts=2025-12-14T02:03:52+03:00 total=11 R=0 S=11 D=0 other=0
ts=2025-12-14T02:03:54+03:00 total=11 R=0 S=11 D=0 other=0
ts=2025-12-14T02:03:55+03:00 total=11 R=0 S=11 D=0 other=0
ts=2025-12-14T02:03:57+03:00 total=11 R=0 S=11 D=0 other=0
ts=2025-12-14T02:03:58+03:00 total=11 R=0 S=11 D=0 other=0
ts=2025-12-14T02:04:00+03:00 total=11 R=0 S=11 D=0 other=0
ts=2025-12-14T02:04:01+03:00 total=11 R=0 S=10 D=0 other=1
ts=2025-12-14T02:04:02+03:00 total=11 R=0 S=11 D=0 other=0
ts=2025-12-14T02:04:04+03:00 total=11 R=0 S=11 D=0 other=0
ts=2025-12-14T02:04:05+03:00 total=11 R=0 S=10 D=0 other=1
ts=2025-12-14T02:04:07+03:00 total=11 R=0 S=11 D=0 other=0
ts=2025-12-14T02:04:08+03:00 total=11 R=0 S=11 D=0 other=0
ts=2025-12-14T02:04:10+03:00 total=11 R=0 S=11 D=0 other=0
ts=2025-12-14T02:04:11+03:00 total=11 R=0 S=11 D=0 other=0
ts=2025-12-14T02:04:13+03:00 total=11 R=0 S=11 D=0 other=0
ts=2025-12-14T02:04:14+03:00 total=11 R=0 S=11 D=0 other=0
ts=2025-12-14T02:04:15+03:00 total=11 R=0 S=11 D=0 other=0
ts=2025-12-14T02:04:17+03:00 total=11 R=0 S=11 D=0 other=0
ts=2025-12-14T02:04:18+03:00 total=11 R=0 S=11 D=0 other=0
ts=2025-12-14T02:04:20+03:00 total=11 R=0 S=11 D=0 other=0
ts=2025-12-14T02:04:21+03:00 total=11 R=0 S=11 D=0 other=0
ts=2025-12-14T02:04:23+03:00 total=11 R=0 S=11 D=0 other=0
ts=2025-12-14T02:04:24+03:00 total=11 R=0 S=11 D=0 other=0
ts=2025-12-14T02:04:26+03:00 total=11 R=0 S=11 D=0 other=0
ts=2025-12-14T02:04:27+03:00 total=11 R=0 S=11 D=0 other=0
ts=2025-12-14T02:04:29+03:00 total=11 R=0 S=11 D=0 other=0
ts=2025-12-14T02:04:30+03:00 total=11 R=0 S=11 D=0 other=0
ts=2025-12-14T02:04:31+03:00 total=11 R=0 S=11 D=0 other=0
ts=2025-12-14T02:04:33+03:00 total=11 R=0 S=11 D=0 other=0
ts=2025-12-14T02:04:34+03:00 total=11 R=0 S=11 D=0 other=0
ts=2025-12-14T02:04:36+03:00 total=11 R=0 S=10 D=0 other=1
ts=2025-12-14T02:04:37+03:00 total=11 R=0 S=11 D=0 other=0
ts=2025-12-14T02:04:39+03:00 total=11 R=0 S=10 D=0 other=1
ts=2025-12-14T02:04:40+03:00 total=11 R=0 S=11 D=0 other=0
ts=2025-12-14T02:04:41+03:00 total=11 R=0 S=11 D=0 other=0
ts=2025-12-14T02:04:43+03:00 total=11 R=0 S=11 D=0 other=0
ts=2025-12-14T02:04:44+03:00 total=11 R=0 S=11 D=0 other=0
ts=2025-12-14T02:04:46+03:00 total=11 R=0 S=11 D=0 other=0
ts=2025-12-14T02:04:47+03:00 total=11 R=0 S=10 D=1 other=0
ts=2025-12-14T02:04:49+03:00 total=11 R=0 S=11 D=0 other=0
ts=2025-12-14T02:04:50+03:00 total=11 R=0 S=11 D=0 other=0
ts=2025-12-14T02:04:52+03:00 total=11 R=0 S=11 D=0 other=0
ts=2025-12-14T02:04:53+03:00 total=11 R=0 S=11 D=0 other=0
ts=2025-12-14T02:04:54+03:00 total=11 R=0 S=11 D=0 other=0
ts=2025-12-14T02:04:56+03:00 total=11 R=0 S=11 D=0 other=0
ts=2025-12-14T02:04:57+03:00 total=11 R=0 S=11 D=0 other=0
ts=2025-12-14T02:04:59+03:00 total=11 R=0 S=11 D=0 other=0
ts=2025-12-14T02:05:00+03:00 total=11 R=0 S=11 D=0 other=0
ts=2025-12-14T02:05:02+03:00 total=11 R=0 S=11 D=0 other=0
ts=2025-12-14T02:05:03+03:00 total=11 R=0 S=11 D=0 other=0
ts=2025-12-14T02:05:05+03:00 total=11 R=0 S=11 D=0 other=0
ts=2025-12-14T02:05:06+03:00 total=11 R=0 S=11 D=0 other=0
ts=2025-12-14T02:05:07+03:00 total=11 R=0 S=11 D=0 other=0
ts=2025-12-14T02:05:09+03:00 total=11 R=0 S=11 D=0 other=0
ts=2025-12-14T02:05:10+03:00 total=11 R=0 S=11 D=0 other=0
ts=2025-12-14T02:05:12+03:00 total=11 R=0 S=11 D=0 other=0
ts=2025-12-14T02:05:13+03:00 total=11 R=0 S=11 D=0 other=0
ts=2025-12-14T02:05:15+03:00 total=11 R=0 S=11 D=0 other=0
ts=2025-12-14T02:05:16+03:00 total=11 R=0 S=11 D=0 other=0
ts=2025-12-14T02:05:17+03:00 total=11 R=0 S=11 D=0 other=0
ts=2025-12-14T02:05:19+03:00 total=11 R=1 S=11 D=0 other=-1
ts=2025-12-14T02:05:20+03:00 total=11 R=0 S=11 D=0 other=0
ts=2025-12-14T02:05:22+03:00 total=11 R=0 S=11 D=0 other=0
ts=2025-12-14T02:05:23+03:00 total=11 R=0 S=11 D=0 other=0
ts=2025-12-14T02:05:25+03:00 total=11 R=0 S=11 D=0 other=0
ts=2025-12-14T02:05:26+03:00 total=11 R=0 S=11 D=0 other=0
ts=2025-12-14T02:05:27+03:00 total=11 R=0 S=11 D=0 other=0
ts=2025-12-14T02:05:29+03:00 total=11 R=0 S=11 D=0 other=0
ts=2025-12-14T02:05:30+03:00 total=11 R=0 S=11 D=0 other=0
ts=2025-12-14T02:05:32+03:00 total=11 R=0 S=11 D=0 other=0
ts=2025-12-14T02:05:33+03:00 total=11 R=2 S=11 D=0 other=-2
ts=2025-12-14T02:05:35+03:00 total=11 R=0 S=11 D=0 other=0
ts=2025-12-14T02:05:36+03:00 total=11 R=0 S=11 D=0 other=0
ts=2025-12-14T02:05:38+03:00 total=11 R=0 S=11 D=0 other=0
ts=2025-12-14T02:05:39+03:00 total=11 R=0 S=11 D=0 other=0
ts=2025-12-14T02:05:41+03:00 total=11 R=0 S=11 D=0 other=0
ts=2025-12-14T02:05:42+03:00 total=11 R=0 S=11 D=0 other=0
ts=2025-12-14T02:05:44+03:00 total=11 R=0 S=11 D=0 other=0
ts=2025-12-14T02:05:45+03:00 total=11 R=0 S=11 D=0 other=0
ts=2025-12-14T02:05:47+03:00 total=11 R=0 S=11 D=0 other=0
ts=2025-12-14T02:05:48+03:00 total=11 R=0 S=11 D=0 other=0
ts=2025-12-14T02:05:50+03:00 total=11 R=0 S=11 D=0 other=0
ts=2025-12-14T02:05:51+03:00 total=11 R=0 S=11 D=0 other=0
ts=2025-12-14T02:05:53+03:00 total=11 R=0 S=9 D=0 other=2
ts=2025-12-14T02:05:54+03:00 total=11 R=0 S=11 D=1 other=-1
ts=2025-12-14T02:05:55+03:00 total=11 R=0 S=11 D=0 other=0
ts=2025-12-14T02:05:57+03:00 total=11 R=0 S=11 D=0 other=0
ts=2025-12-14T02:05:58+03:00 total=11 R=0 S=11 D=0 other=0
ts=2025-12-14T02:06:00+03:00 total=11 R=0 S=11 D=0 other=0
ts=2025-12-14T02:06:01+03:00 total=11 R=0 S=11 D=0 other=0
ts=2025-12-14T02:06:03+03:00 total=11 R=0 S=11 D=0 other=0
ts=2025-12-14T02:06:04+03:00 total=11 R=0 S=11 D=0 other=0
ts=2025-12-14T02:06:05+03:00 total=11 R=0 S=11 D=0 other=0
ts=2025-12-14T02:06:07+03:00 total=11 R=0 S=11 D=0 other=0
ts=2025-12-14T02:06:08+03:00 total=11 R=0 S=11 D=1 other=-1
ts=2025-12-14T02:06:10+03:00 total=11 R=0 S=11 D=0 other=0
ts=2025-12-14T02:06:11+03:00 total=11 R=0 S=11 D=0 other=0
ts=2025-12-14T02:06:13+03:00 total=11 R=0 S=10 D=0 other=1
ts=2025-12-14T02:06:14+03:00 total=11 R=0 S=11 D=0 other=0
ts=2025-12-14T02:06:16+03:00 total=11 R=0 S=11 D=0 other=0
ts=2025-12-14T02:06:17+03:00 total=11 R=0 S=11 D=0 other=0
ts=2025-12-14T02:06:19+03:00 total=11 R=0 S=11 D=0 other=0
ts=2025-12-14T02:06:20+03:00 total=11 R=1 S=10 D=0 other=0
ts=2025-12-14T02:06:22+03:00 total=11 R=0 S=11 D=0 other=0
ts=2025-12-14T02:06:23+03:00 total=11 R=0 S=11 D=0 other=0
ts=2025-12-14T02:06:24+03:00 total=11 R=0 S=11 D=0 other=0
ts=2025-12-14T02:06:26+03:00 total=11 R=0 S=11 D=0 other=0
ts=2025-12-14T02:06:27+03:00 total=11 R=0 S=11 D=0 other=0
ts=2025-12-14T02:06:29+03:00 total=11 R=0 S=11 D=0 other=0
ts=2025-12-14T02:06:31+03:00 total=11 R=0 S=10 D=0 other=1
ts=2025-12-14T02:06:32+03:00 total=11 R=0 S=11 D=0 other=0
ts=2025-12-14T02:06:34+03:00 total=11 R=0 S=10 D=0 other=1
ts=2025-12-14T02:06:35+03:00 total=11 R=0 S=11 D=0 other=0
ts=2025-12-14T02:06:37+03:00 total=11 R=1 S=11 D=0 other=-1
ts=2025-12-14T02:06:38+03:00 total=11 R=0 S=11 D=0 other=0
ts=2025-12-14T02:06:40+03:00 total=11 R=0 S=11 D=0 other=0
ts=2025-12-14T02:06:41+03:00 total=11 R=0 S=11 D=0 other=0
ts=2025-12-14T02:06:43+03:00 total=11 R=1 S=11 D=1 other=-2
ts=2025-12-14T02:06:44+03:00 total=11 R=0 S=11 D=0 other=0
ts=2025-12-14T02:06:46+03:00 total=11 R=0 S=11 D=0 other=0
ts=2025-12-14T02:06:47+03:00 total=11 R=2 S=11 D=0 other=-2
ts=2025-12-14T02:06:49+03:00 total=11 R=0 S=11 D=0 other=0
ts=2025-12-14T02:06:50+03:00 total=11 R=0 S=11 D=0 other=0
ts=2025-12-14T02:06:52+03:00 total=11 R=0 S=11 D=0 other=0
ts=2025-12-14T02:06:53+03:00 total=11 R=0 S=10 D=0 other=1
ts=2025-12-14T02:06:55+03:00 total=11 R=0 S=11 D=0 other=0
ts=2025-12-14T02:06:56+03:00 total=11 R=0 S=11 D=0 other=0
ts=2025-12-14T02:06:58+03:00 total=11 R=0 S=11 D=0 other=0
ts=2025-12-14T02:06:59+03:00 total=11 R=0 S=11 D=0 other=0
ts=2025-12-14T02:07:01+03:00 total=11 R=0 S=11 D=0 other=0
ts=2025-12-14T02:07:02+03:00 total=11 R=0 S=11 D=0 other=0
ts=2025-12-14T02:07:04+03:00 total=11 R=0 S=11 D=0 other=0
ts=2025-12-14T02:07:05+03:00 total=11 R=0 S=11 D=0 other=0
ts=2025-12-14T02:07:07+03:00 total=11 R=0 S=11 D=0 other=0
ts=2025-12-14T02:07:08+03:00 total=11 R=0 S=11 D=0 other=0
ts=2025-12-14T02:07:09+03:00 total=11 R=0 S=11 D=0 other=0
ts=2025-12-14T02:07:11+03:00 total=11 R=1 S=11 D=0 other=-1
ts=2025-12-14T02:07:12+03:00 total=11 R=0 S=11 D=0 other=0
ts=2025-12-14T02:07:14+03:00 total=11 R=0 S=11 D=0 other=0
ts=2025-12-14T02:07:15+03:00 total=11 R=0 S=10 D=0 other=1
ts=2025-12-14T02:07:17+03:00 total=11 R=0 S=11 D=0 other=0
ts=2025-12-14T02:07:18+03:00 total=11 R=1 S=11 D=0 other=-1
ts=2025-12-14T02:07:20+03:00 total=11 R=0 S=11 D=0 other=0
ts=2025-12-14T02:07:21+03:00 total=11 R=0 S=11 D=0 other=0
ts=2025-12-14T02:07:23+03:00 total=11 R=0 S=10 D=0 other=1
ts=2025-12-14T02:07:24+03:00 total=11 R=2 S=11 D=0 other=-2
ts=2025-12-14T02:07:26+03:00 total=11 R=0 S=10 D=0 other=1
ts=2025-12-14T02:07:27+03:00 total=11 R=0 S=11 D=0 other=0
ts=2025-12-14T02:07:29+03:00 total=11 R=0 S=11 D=0 other=0
ts=2025-12-14T02:07:30+03:00 total=11 R=1 S=10 D=0 other=0
ts=2025-12-14T02:07:31+03:00 total=11 R=0 S=11 D=0 other=0
ts=2025-12-14T02:07:33+03:00 total=11 R=0 S=11 D=0 other=0
ts=2025-12-14T02:07:34+03:00 total=11 R=0 S=10 D=0 other=1
ts=2025-12-14T02:07:36+03:00 total=11 R=1 S=11 D=0 other=-1
ts=2025-12-14T02:07:38+03:00 total=11 R=0 S=11 D=0 other=0
ts=2025-12-14T02:07:39+03:00 total=11 R=0 S=11 D=0 other=0
ts=2025-12-14T02:07:40+03:00 total=11 R=0 S=11 D=0 other=0
ts=2025-12-14T02:07:42+03:00 total=11 R=0 S=11 D=0 other=0
ts=2025-12-14T02:07:43+03:00 total=11 R=0 S=11 D=0 other=0
ts=2025-12-14T02:07:45+03:00 total=11 R=0 S=11 D=0 other=0
ts=2025-12-14T02:07:46+03:00 total=11 R=0 S=11 D=0 other=0
ts=2025-12-14T02:07:48+03:00 total=11 R=0 S=11 D=0 other=0
ts=2025-12-14T02:07:49+03:00 total=11 R=2 S=10 D=1 other=-2
ts=2025-12-14T02:07:51+03:00 total=11 R=0 S=11 D=0 other=0
ts=2025-12-14T02:07:52+03:00 total=11 R=1 S=11 D=0 other=-1
ts=2025-12-14T02:07:54+03:00 total=11 R=0 S=11 D=0 other=0
ts=2025-12-14T02:07:55+03:00 total=11 R=0 S=11 D=0 other=0
ts=2025-12-14T02:07:57+03:00 total=11 R=0 S=11 D=0 other=0
ts=2025-12-14T02:07:58+03:00 total=11 R=0 S=11 D=0 other=0
ts=2025-12-14T02:08:00+03:00 total=11 R=0 S=11 D=0 other=0
ts=2025-12-14T02:08:01+03:00 total=11 R=0 S=9 D=0 other=2
ts=2025-12-14T02:08:03+03:00 total=11 R=0 S=11 D=0 other=0
ts=2025-12-14T02:08:04+03:00 total=11 R=0 S=11 D=0 other=0
ts=2025-12-14T02:08:06+03:00 total=11 R=1 S=10 D=0 other=0
ts=2025-12-14T02:08:07+03:00 total=11 R=0 S=11 D=0 other=0
ts=2025-12-14T02:08:09+03:00 total=11 R=0 S=11 D=0 other=0
ts=2025-12-14T02:08:10+03:00 total=11 R=0 S=11 D=0 other=0
ts=2025-12-14T02:08:12+03:00 total=11 R=0 S=11 D=0 other=0
ts=2025-12-14T02:08:13+03:00 total=11 R=0 S=11 D=0 other=0
ts=2025-12-14T02:08:15+03:00 total=11 R=0 S=11 D=0 other=0
ts=2025-12-14T02:08:16+03:00 total=11 R=0 S=11 D=0 other=0
ts=2025-12-14T02:08:18+03:00 total=11 R=0 S=11 D=0 other=0
ts=2025-12-14T02:08:19+03:00 total=11 R=0 S=11 D=0 other=0
ts=2025-12-14T02:08:21+03:00 total=11 R=0 S=11 D=0 other=0
ts=2025-12-14T02:08:22+03:00 total=11 R=1 S=10 D=0 other=0
ts=2025-12-14T02:08:24+03:00 total=11 R=0 S=11 D=0 other=0
ts=2025-12-14T02:08:25+03:00 total=11 R=0 S=11 D=0 other=0
ts=2025-12-14T02:08:26+03:00 total=11 R=0 S=11 D=0 other=0
ts=2025-12-14T02:08:28+03:00 total=11 R=0 S=11 D=0 other=0
ts=2025-12-14T02:08:29+03:00 total=11 R=0 S=11 D=0 other=0
ts=2025-12-14T02:08:31+03:00 total=11 R=0 S=11 D=0 other=0
ts=2025-12-14T02:08:32+03:00 total=11 R=0 S=11 D=0 other=0
ts=2025-12-14T02:08:34+03:00 total=11 R=0 S=11 D=0 other=0
ts=2025-12-14T02:08:35+03:00 total=11 R=0 S=11 D=0 other=0
ts=2025-12-14T02:08:37+03:00 total=11 R=1 S=11 D=0 other=-1
ts=2025-12-14T02:08:39+03:00 total=11 R=0 S=11 D=0 other=0
ts=2025-12-14T02:08:40+03:00 total=11 R=0 S=11 D=0 other=0
ts=2025-12-14T02:08:42+03:00 total=11 R=1 S=11 D=0 other=-1
ts=2025-12-14T02:08:43+03:00 total=11 R=0 S=11 D=0 other=0
ts=2025-12-14T02:08:45+03:00 total=11 R=0 S=11 D=0 other=0
ts=2025-12-14T02:08:46+03:00 total=11 R=0 S=10 D=0 other=1
ts=2025-12-14T02:08:48+03:00 total=11 R=0 S=11 D=0 other=0
ts=2025-12-14T02:08:49+03:00 total=11 R=0 S=11 D=0 other=0
ts=2025-12-14T02:08:51+03:00 total=11 R=0 S=11 D=0 other=0
ts=2025-12-14T02:08:52+03:00 total=11 R=0 S=11 D=0 other=0
ts=2025-12-14T02:08:54+03:00 total=11 R=0 S=11 D=0 other=0
ts=2025-12-14T02:08:55+03:00 total=11 R=1 S=11 D=0 other=-1
ts=2025-12-14T02:08:57+03:00 total=11 R=0 S=11 D=0 other=0
ts=2025-12-14T02:08:58+03:00 total=11 R=0 S=11 D=0 other=0
ts=2025-12-14T02:09:00+03:00 total=11 R=0 S=11 D=0 other=0
ts=2025-12-14T02:09:01+03:00 total=11 R=0 S=11 D=0 other=0
ts=2025-12-14T02:09:03+03:00 total=11 R=0 S=11 D=0 other=0
ts=2025-12-14T02:09:04+03:00 total=11 R=1 S=11 D=0 other=-1
ts=2025-12-14T02:09:06+03:00 total=11 R=1 S=11 D=0 other=-1
ts=2025-12-14T02:09:07+03:00 total=11 R=0 S=11 D=0 other=0
ts=2025-12-14T02:09:09+03:00 total=11 R=0 S=11 D=0 other=0
ts=2025-12-14T02:09:10+03:00 total=11 R=0 S=11 D=0 other=0
ts=2025-12-14T02:09:12+03:00 total=11 R=0 S=11 D=0 other=0
ts=2025-12-14T02:09:13+03:00 total=11 R=0 S=11 D=0 other=0
ts=2025-12-14T02:09:15+03:00 total=11 R=1 S=11 D=0 other=-1
ts=2025-12-14T02:09:16+03:00 total=11 R=0 S=11 D=0 other=0
ts=2025-12-14T02:09:17+03:00 total=11 R=0 S=11 D=0 other=0
ts=2025-12-14T02:09:19+03:00 total=11 R=0 S=11 D=0 other=0
ts=2025-12-14T02:09:21+03:00 total=11 R=0 S=11 D=0 other=0
ts=2025-12-14T02:09:22+03:00 total=11 R=0 S=11 D=0 other=0
ts=2025-12-14T02:09:23+03:00 total=11 R=0 S=11 D=0 other=0
ts=2025-12-14T02:09:25+03:00 total=11 R=0 S=11 D=0 other=0
ts=2025-12-14T02:09:26+03:00 total=11 R=0 S=11 D=0 other=0
ts=2025-12-14T02:09:28+03:00 total=11 R=0 S=11 D=0 other=0
ts=2025-12-14T02:09:29+03:00 total=11 R=0 S=11 D=0 other=0
ts=2025-12-14T02:09:31+03:00 total=11 R=0 S=10 D=0 other=1
ts=2025-12-14T02:09:32+03:00 total=11 R=0 S=11 D=0 other=0
ts=2025-12-14T02:09:34+03:00 total=11 R=0 S=11 D=0 other=0
ts=2025-12-14T02:09:35+03:00 total=11 R=0 S=11 D=0 other=0
ts=2025-12-14T02:09:37+03:00 total=11 R=0 S=11 D=0 other=0
ts=2025-12-14T02:09:38+03:00 total=11 R=0 S=11 D=0 other=0
ts=2025-12-14T02:09:40+03:00 total=11 R=0 S=9 D=0 other=2
ts=2025-12-14T02:09:41+03:00 total=11 R=0 S=10 D=0 other=1
ts=2025-12-14T02:09:43+03:00 total=11 R=0 S=11 D=0 other=0
ts=2025-12-14T02:09:44+03:00 total=11 R=1 S=11 D=0 other=-1
ts=2025-12-14T02:09:46+03:00 total=11 R=0 S=11 D=0 other=0
ts=2025-12-14T02:09:47+03:00 total=11 R=0 S=11 D=0 other=0
ts=2025-12-14T02:09:49+03:00 total=11 R=0 S=11 D=0 other=0
ts=2025-12-14T02:09:50+03:00 total=11 R=0 S=11 D=0 other=0
ts=2025-12-14T02:09:52+03:00 total=11 R=0 S=11 D=0 other=0
ts=2025-12-14T02:09:53+03:00 total=11 R=0 S=11 D=0 other=0
ts=2025-12-14T02:09:55+03:00 total=11 R=0 S=11 D=0 other=0
ts=2025-12-14T02:09:56+03:00 total=11 R=0 S=10 D=0 other=1
ts=2025-12-14T02:09:58+03:00 total=11 R=0 S=11 D=0 other=0
ts=2025-12-14T02:09:59+03:00 total=11 R=0 S=11 D=0 other=0
ts=2025-12-14T02:10:01+03:00 total=11 R=0 S=11 D=0 other=0
ts=2025-12-14T02:10:02+03:00 total=11 R=0 S=10 D=0 other=1
ts=2025-12-14T02:10:04+03:00 total=11 R=0 S=11 D=0 other=0
ts=2025-12-14T02:10:05+03:00 total=11 R=0 S=11 D=0 other=0
ts=2025-12-14T02:10:06+03:00 total=11 R=0 S=11 D=0 other=0
ts=2025-12-14T02:10:08+03:00 total=11 R=0 S=11 D=0 other=0
ts=2025-12-14T02:10:10+03:00 total=11 R=1 S=11 D=0 other=-1
ts=2025-12-14T02:10:11+03:00 total=11 R=0 S=11 D=0 other=0
ts=2025-12-14T02:10:13+03:00 total=11 R=0 S=11 D=0 other=0
ts=2025-12-14T02:10:14+03:00 total=11 R=0 S=11 D=0 other=0
ts=2025-12-14T02:10:16+03:00 total=11 R=0 S=10 D=0 other=1
ts=2025-12-14T02:10:17+03:00 total=11 R=0 S=11 D=0 other=0
ts=2025-12-14T02:10:19+03:00 total=11 R=0 S=11 D=0 other=0
ts=2025-12-14T02:10:20+03:00 total=11 R=0 S=10 D=0 other=1
ts=2025-12-14T02:10:22+03:00 total=11 R=1 S=11 D=0 other=-1
ts=2025-12-14T02:10:23+03:00 total=11 R=0 S=11 D=0 other=0
ts=2025-12-14T02:10:25+03:00 total=11 R=1 S=11 D=0 other=-1
ts=2025-12-14T02:10:26+03:00 total=11 R=0 S=11 D=0 other=0
ts=2025-12-14T02:10:28+03:00 total=11 R=0 S=11 D=0 other=0
ts=2025-12-14T02:10:29+03:00 total=11 R=0 S=11 D=0 other=0
ts=2025-12-14T02:10:31+03:00 total=11 R=0 S=10 D=0 other=1
ts=2025-12-14T02:10:32+03:00 total=11 R=0 S=11 D=0 other=0
ts=2025-12-14T02:10:33+03:00 total=11 R=0 S=11 D=0 other=0
ts=2025-12-14T02:10:35+03:00 total=11 R=0 S=11 D=0 other=0
ts=2025-12-14T02:10:36+03:00 total=11 R=0 S=11 D=1 other=-1
ts=2025-12-14T02:10:38+03:00 total=11 R=0 S=11 D=0 other=0
ts=2025-12-14T02:10:39+03:00 total=11 R=0 S=11 D=0 other=0
ts=2025-12-14T02:10:41+03:00 total=11 R=0 S=11 D=0 other=0
ts=2025-12-14T02:10:42+03:00 total=11 R=0 S=11 D=0 other=0
ts=2025-12-14T02:10:43+03:00 total=11 R=0 S=11 D=0 other=0
ts=2025-12-14T02:10:45+03:00 total=11 R=0 S=11 D=0 other=0
ts=2025-12-14T02:10:46+03:00 total=11 R=0 S=11 D=0 other=0
ts=2025-12-14T02:10:48+03:00 total=11 R=1 S=11 D=0 other=-1
ts=2025-12-14T02:10:49+03:00 total=11 R=0 S=10 D=0 other=1
ts=2025-12-14T02:10:51+03:00 total=11 R=0 S=11 D=0 other=0
ts=2025-12-14T02:10:52+03:00 total=11 R=0 S=11 D=0 other=0
ts=2025-12-14T02:10:54+03:00 total=11 R=0 S=11 D=0 other=0
ts=2025-12-14T02:10:55+03:00 total=11 R=0 S=11 D=0 other=0
ts=2025-12-14T02:10:57+03:00 total=11 R=0 S=11 D=0 other=0
ts=2025-12-14T02:10:58+03:00 total=11 R=0 S=11 D=0 other=0
ts=2025-12-14T02:10:59+03:00 total=11 R=0 S=10 D=0 other=1
ts=2025-12-14T02:11:01+03:00 total=11 R=0 S=11 D=0 other=0
ts=2025-12-14T02:11:03+03:00 total=11 R=0 S=11 D=0 other=0
ts=2025-12-14T02:11:04+03:00 total=11 R=0 S=11 D=0 other=0
ts=2025-12-14T02:11:05+03:00 total=11 R=1 S=11 D=0 other=-1
ts=2025-12-14T02:11:07+03:00 total=11 R=0 S=11 D=1 other=-1
ts=2025-12-14T02:11:09+03:00 total=11 R=0 S=10 D=0 other=1
ts=2025-12-14T02:11:10+03:00 total=11 R=0 S=11 D=0 other=0
ts=2025-12-14T02:11:12+03:00 total=11 R=0 S=8 D=1 other=2
ts=2025-12-14T02:11:13+03:00 total=11 R=0 S=11 D=0 other=0
ts=2025-12-14T02:11:15+03:00 total=11 R=0 S=11 D=0 other=0
ts=2025-12-14T02:11:16+03:00 total=11 R=0 S=11 D=0 other=0
ts=2025-12-14T02:11:18+03:00 total=11 R=0 S=11 D=1 other=-1
ts=2025-12-14T02:11:19+03:00 total=11 R=0 S=11 D=0 other=0
ts=2025-12-14T02:11:21+03:00 total=11 R=0 S=11 D=0 other=0
ts=2025-12-14T02:11:22+03:00 total=11 R=0 S=11 D=0 other=0
ts=2025-12-14T02:11:24+03:00 total=11 R=0 S=10 D=0 other=1
ts=2025-12-14T02:11:25+03:00 total=11 R=0 S=11 D=0 other=0
ts=2025-12-14T02:11:27+03:00 total=11 R=0 S=11 D=0 other=0
ts=2025-12-14T02:11:28+03:00 total=11 R=0 S=11 D=0 other=0
ts=2025-12-14T02:11:30+03:00 total=11 R=0 S=11 D=0 other=0
ts=2025-12-14T02:11:31+03:00 total=11 R=1 S=11 D=0 other=-1
ts=2025-12-14T02:11:32+03:00 total=11 R=0 S=11 D=0 other=0
ts=2025-12-14T02:11:34+03:00 total=11 R=0 S=11 D=1 other=-1
ts=2025-12-14T02:11:35+03:00 total=11 R=0 S=11 D=0 other=0
ts=2025-12-14T02:11:37+03:00 total=11 R=0 S=11 D=0 other=0
ts=2025-12-14T02:11:38+03:00 total=11 R=0 S=10 D=0 other=1
ts=2025-12-14T02:11:40+03:00 total=11 R=0 S=11 D=0 other=0
ts=2025-12-14T02:11:41+03:00 total=11 R=0 S=8 D=0 other=3
ts=2025-12-14T02:11:43+03:00 total=11 R=0 S=11 D=0 other=0
ts=2025-12-14T02:11:44+03:00 total=11 R=0 S=11 D=0 other=0
ts=2025-12-14T02:11:46+03:00 total=11 R=0 S=11 D=0 other=0
ts=2025-12-14T02:11:47+03:00 total=11 R=0 S=10 D=0 other=1
ts=2025-12-14T02:11:49+03:00 total=11 R=0 S=11 D=0 other=0
ts=2025-12-14T02:11:50+03:00 total=11 R=0 S=11 D=0 other=0
ts=2025-12-14T02:11:52+03:00 total=11 R=0 S=11 D=0 other=0
ts=2025-12-14T02:11:54+03:00 total=11 R=0 S=11 D=0 other=0
ts=2025-12-14T02:11:55+03:00 total=11 R=0 S=11 D=0 other=0
ts=2025-12-14T02:11:57+03:00 total=11 R=0 S=11 D=0 other=0
ts=2025-12-14T02:11:58+03:00 total=11 R=0 S=11 D=0 other=0
ts=2025-12-14T02:12:00+03:00 total=11 R=0 S=11 D=1 other=-1
ts=2025-12-14T02:12:01+03:00 total=11 R=0 S=11 D=0 other=0
ts=2025-12-14T02:12:03+03:00 total=11 R=0 S=11 D=0 other=0
ts=2025-12-14T02:12:04+03:00 total=11 R=0 S=11 D=0 other=0
ts=2025-12-14T02:12:06+03:00 total=11 R=1 S=9 D=0 other=1
ts=2025-12-14T02:12:07+03:00 total=11 R=0 S=10 D=0 other=1
ts=2025-12-14T02:12:09+03:00 total=11 R=0 S=11 D=0 other=0
ts=2025-12-14T02:12:10+03:00 total=11 R=0 S=11 D=1 other=-1
ts=2025-12-14T02:12:12+03:00 total=11 R=1 S=10 D=0 other=0
ts=2025-12-14T02:12:13+03:00 total=11 R=0 S=11 D=0 other=0
ts=2025-12-14T02:12:14+03:00 total=11 R=0 S=11 D=0 other=0
ts=2025-12-14T02:12:16+03:00 total=11 R=0 S=11 D=0 other=0
ts=2025-12-14T02:12:17+03:00 total=11 R=0 S=11 D=0 other=0
ts=2025-12-14T02:12:19+03:00 total=11 R=0 S=11 D=0 other=0
ts=2025-12-14T02:12:20+03:00 total=11 R=1 S=11 D=0 other=-1
ts=2025-12-14T02:12:22+03:00 total=11 R=0 S=11 D=0 other=0
ts=2025-12-14T02:12:23+03:00 total=11 R=0 S=11 D=0 other=0
ts=2025-12-14T02:12:25+03:00 total=11 R=0 S=11 D=0 other=0
ts=2025-12-14T02:12:27+03:00 total=11 R=0 S=11 D=0 other=0
ts=2025-12-14T02:12:28+03:00 total=11 R=0 S=11 D=0 other=0
ts=2025-12-14T02:12:29+03:00 total=11 R=0 S=11 D=0 other=0
ts=2025-12-14T02:12:31+03:00 total=11 R=0 S=11 D=0 other=0
ts=2025-12-14T02:12:32+03:00 total=11 R=0 S=11 D=0 other=0
ts=2025-12-14T02:12:34+03:00 total=11 R=0 S=11 D=1 other=-1
ts=2025-12-14T02:12:35+03:00 total=11 R=2 S=11 D=0 other=-2
ts=2025-12-14T02:12:37+03:00 total=11 R=0 S=11 D=0 other=0
ts=2025-12-14T02:12:38+03:00 total=11 R=0 S=11 D=0 other=0
ts=2025-12-14T02:12:40+03:00 total=11 R=0 S=11 D=0 other=0
ts=2025-12-14T02:12:41+03:00 total=11 R=0 S=11 D=0 other=0
ts=2025-12-14T02:12:43+03:00 total=11 R=0 S=11 D=0 other=0
ts=2025-12-14T02:12:45+03:00 total=11 R=0 S=11 D=0 other=0
ts=2025-12-14T02:12:46+03:00 total=11 R=0 S=11 D=0 other=0
ts=2025-12-14T02:12:48+03:00 total=11 R=0 S=10 D=0 other=1
ts=2025-12-14T02:12:49+03:00 total=11 R=0 S=11 D=0 other=0
ts=2025-12-14T02:12:51+03:00 total=11 R=0 S=11 D=0 other=0
ts=2025-12-14T02:12:52+03:00 total=11 R=0 S=11 D=0 other=0
ts=2025-12-14T02:12:54+03:00 total=11 R=0 S=11 D=0 other=0
ts=2025-12-14T02:12:55+03:00 total=11 R=0 S=11 D=0 other=0
ts=2025-12-14T02:12:57+03:00 total=11 R=1 S=11 D=0 other=-1
ts=2025-12-14T02:12:58+03:00 total=11 R=0 S=11 D=0 other=0
ts=2025-12-14T02:13:00+03:00 total=11 R=0 S=11 D=0 other=0
ts=2025-12-14T02:13:01+03:00 total=11 R=1 S=10 D=0 other=0
ts=2025-12-14T02:13:03+03:00 total=11 R=0 S=11 D=0 other=0
ts=2025-12-14T02:13:04+03:00 total=11 R=0 S=11 D=0 other=0
ts=2025-12-14T02:13:05+03:00 total=11 R=0 S=11 D=0 other=0
ts=2025-12-14T02:13:07+03:00 total=11 R=0 S=11 D=0 other=0
ts=2025-12-14T02:13:08+03:00 total=11 R=0 S=10 D=0 other=1
ts=2025-12-14T02:13:10+03:00 total=11 R=0 S=11 D=0 other=0
ts=2025-12-14T02:13:11+03:00 total=11 R=0 S=11 D=0 other=0
ts=2025-12-14T02:13:13+03:00 total=11 R=0 S=11 D=0 other=0
ts=2025-12-14T02:13:14+03:00 total=11 R=0 S=11 D=0 other=0
ts=2025-12-14T02:13:16+03:00 total=11 R=0 S=11 D=0 other=0
ts=2025-12-14T02:13:17+03:00 total=11 R=0 S=11 D=0 other=0
ts=2025-12-14T02:13:19+03:00 total=11 R=0 S=11 D=0 other=0
ts=2025-12-14T02:13:20+03:00 total=11 R=0 S=10 D=0 other=1
ts=2025-12-14T02:13:22+03:00 total=11 R=0 S=11 D=1 other=-1
ts=2025-12-14T02:13:23+03:00 total=11 R=0 S=10 D=0 other=1
ts=2025-12-14T02:13:25+03:00 total=11 R=0 S=11 D=0 other=0
ts=2025-12-14T02:13:26+03:00 total=11 R=0 S=9 D=0 other=2
ts=2025-12-14T02:13:28+03:00 total=11 R=0 S=11 D=0 other=0
ts=2025-12-14T02:13:29+03:00 total=11 R=0 S=10 D=0 other=1
ts=2025-12-14T02:13:31+03:00 total=11 R=0 S=11 D=0 other=0
ts=2025-12-14T02:13:32+03:00 total=11 R=0 S=11 D=0 other=0
ts=2025-12-14T02:13:34+03:00 total=11 R=0 S=11 D=0 other=0
ts=2025-12-14T02:13:35+03:00 total=11 R=0 S=11 D=0 other=0
ts=2025-12-14T02:13:37+03:00 total=11 R=0 S=10 D=0 other=1
ts=2025-12-14T02:13:38+03:00 total=11 R=0 S=11 D=0 other=0
ts=2025-12-14T02:13:40+03:00 total=11 R=1 S=11 D=0 other=-1
ts=2025-12-14T02:13:41+03:00 total=11 R=0 S=11 D=0 other=0
ts=2025-12-14T02:13:43+03:00 total=11 R=0 S=11 D=0 other=0
ts=2025-12-14T02:13:44+03:00 total=11 R=1 S=11 D=0 other=-1
ts=2025-12-14T02:13:46+03:00 total=11 R=0 S=11 D=1 other=-1
ts=2025-12-14T02:13:47+03:00 total=11 R=0 S=11 D=0 other=0
ts=2025-12-14T02:13:49+03:00 total=11 R=0 S=11 D=0 other=0
ts=2025-12-14T02:13:50+03:00 total=11 R=0 S=11 D=0 other=0
ts=2025-12-14T02:13:52+03:00 total=11 R=0 S=11 D=0 other=0
ts=2025-12-14T02:13:53+03:00 total=11 R=0 S=9 D=0 other=2
ts=2025-12-14T02:13:54+03:00 total=11 R=0 S=11 D=0 other=0
ts=2025-12-14T02:13:56+03:00 total=11 R=0 S=10 D=0 other=1
ts=2025-12-14T02:13:58+03:00 total=11 R=0 S=11 D=0 other=0
ts=2025-12-14T02:13:59+03:00 total=11 R=0 S=10 D=0 other=1
ts=2025-12-14T02:14:00+03:00 total=11 R=0 S=11 D=0 other=0
ts=2025-12-14T02:14:02+03:00 total=11 R=0 S=11 D=0 other=0
ts=2025-12-14T02:14:04+03:00 total=11 R=0 S=11 D=0 other=0
ts=2025-12-14T02:14:05+03:00 total=11 R=0 S=11 D=0 other=0
ts=2025-12-14T02:14:07+03:00 total=11 R=0 S=11 D=0 other=0
ts=2025-12-14T02:14:08+03:00 total=11 R=0 S=11 D=0 other=0
ts=2025-12-14T02:14:10+03:00 total=11 R=0 S=11 D=0 other=0
ts=2025-12-14T02:14:11+03:00 total=11 R=0 S=10 D=0 other=1
ts=2025-12-14T02:14:13+03:00 total=11 R=0 S=11 D=0 other=0
ts=2025-12-14T02:14:14+03:00 total=11 R=1 S=8 D=0 other=2
ts=2025-12-14T02:14:16+03:00 total=11 R=0 S=11 D=0 other=0
ts=2025-12-14T02:14:17+03:00 total=11 R=0 S=11 D=0 other=0
ts=2025-12-14T02:14:19+03:00 total=11 R=0 S=11 D=0 other=0
ts=2025-12-14T02:14:20+03:00 total=11 R=0 S=11 D=0 other=0
ts=2025-12-14T02:14:22+03:00 total=11 R=0 S=11 D=0 other=0
ts=2025-12-14T02:14:24+03:00 total=11 R=0 S=10 D=0 other=1
ts=2025-12-14T02:14:25+03:00 total=11 R=0 S=11 D=0 other=0
ts=2025-12-14T02:14:27+03:00 total=11 R=1 S=11 D=0 other=-1
ts=2025-12-14T02:14:28+03:00 total=11 R=1 S=11 D=0 other=-1
ts=2025-12-14T02:14:30+03:00 total=11 R=0 S=11 D=0 other=0
ts=2025-12-14T02:14:31+03:00 total=11 R=0 S=11 D=0 other=0
ts=2025-12-14T02:14:33+03:00 total=11 R=0 S=11 D=0 other=0
ts=2025-12-14T02:14:34+03:00 total=11 R=0 S=10 D=0 other=1
ts=2025-12-14T02:14:36+03:00 total=11 R=0 S=11 D=0 other=0
ts=2025-12-14T02:14:37+03:00 total=11 R=0 S=11 D=0 other=0
ts=2025-12-14T02:14:38+03:00 total=11 R=0 S=11 D=0 other=0
ts=2025-12-14T02:14:40+03:00 total=11 R=0 S=11 D=0 other=0
ts=2025-12-14T02:14:41+03:00 total=11 R=0 S=11 D=0 other=0
ts=2025-12-14T02:14:43+03:00 total=11 R=0 S=11 D=0 other=0
ts=2025-12-14T02:14:44+03:00 total=11 R=0 S=11 D=0 other=0
ts=2025-12-14T02:14:46+03:00 total=11 R=0 S=11 D=0 other=0
ts=2025-12-14T02:14:47+03:00 total=11 R=0 S=11 D=0 other=0
ts=2025-12-14T02:14:48+03:00 total=11 R=0 S=11 D=0 other=0
ts=2025-12-14T02:14:50+03:00 total=11 R=0 S=11 D=0 other=0
ts=2025-12-14T02:14:51+03:00 total=11 R=0 S=11 D=0 other=0
ts=2025-12-14T02:14:53+03:00 total=11 R=0 S=11 D=0 other=0
ts=2025-12-14T02:14:54+03:00 total=11 R=0 S=11 D=0 other=0
ts=2025-12-14T02:14:55+03:00 total=11 R=0 S=11 D=0 other=0
ts=2025-12-14T02:14:57+03:00 total=11 R=0 S=11 D=0 other=0
ts=2025-12-14T02:14:58+03:00 total=11 R=0 S=11 D=0 other=0
ts=2025-12-14T02:15:00+03:00 total=11 R=0 S=11 D=0 other=0
ts=2025-12-14T02:15:01+03:00 total=11 R=0 S=11 D=0 other=0
ts=2025-12-14T02:15:03+03:00 total=11 R=0 S=11 D=0 other=0
ts=2025-12-14T02:15:04+03:00 total=11 R=0 S=11 D=0 other=0
ts=2025-12-14T02:15:05+03:00 total=11 R=0 S=11 D=0 other=0
ts=2025-12-14T02:15:07+03:00 total=11 R=0 S=11 D=0 other=0
ts=2025-12-14T02:15:08+03:00 total=11 R=0 S=11 D=0 other=0
ts=2025-12-14T02:15:10+03:00 total=11 R=0 S=11 D=0 other=0
ts=2025-12-14T02:15:11+03:00 total=11 R=0 S=11 D=0 other=0
ts=2025-12-14T02:15:12+03:00 total=11 R=0 S=11 D=0 other=0
ts=2025-12-14T02:15:14+03:00 total=11 R=0 S=11 D=0 other=0
ts=2025-12-14T02:15:15+03:00 total=11 R=0 S=11 D=0 other=0
ts=2025-12-14T02:15:17+03:00 total=11 R=0 S=11 D=0 other=0
ts=2025-12-14T02:15:18+03:00 total=11 R=0 S=11 D=0 other=0
ts=2025-12-14T02:15:19+03:00 total=11 R=0 S=11 D=0 other=0
ts=2025-12-14T02:15:21+03:00 total=11 R=0 S=11 D=0 other=0
ts=2025-12-14T02:15:22+03:00 total=11 R=0 S=11 D=0 other=0
ts=2025-12-14T02:15:24+03:00 total=11 R=0 S=11 D=0 other=0
ts=2025-12-14T02:15:25+03:00 total=11 R=0 S=11 D=0 other=0
ts=2025-12-14T02:15:26+03:00 total=11 R=0 S=11 D=0 other=0
ts=2025-12-14T02:15:28+03:00 total=11 R=0 S=11 D=0 other=0
ts=2025-12-14T02:15:29+03:00 total=11 R=2 S=11 D=0 other=-2
ts=2025-12-14T02:15:30+03:00 total=11 R=0 S=11 D=0 other=0
ts=2025-12-14T02:15:32+03:00 total=11 R=0 S=11 D=0 other=0
ts=2025-12-14T02:15:33+03:00 total=11 R=0 S=11 D=0 other=0
ts=2025-12-14T02:15:35+03:00 total=11 R=0 S=11 D=0 other=0
ts=2025-12-14T02:15:36+03:00 total=11 R=0 S=11 D=0 other=0
ts=2025-12-14T02:15:38+03:00 total=11 R=0 S=11 D=0 other=0
ts=2025-12-14T02:15:39+03:00 total=11 R=0 S=11 D=0 other=0
ts=2025-12-14T02:15:41+03:00 total=11 R=0 S=11 D=0 other=0
ts=2025-12-14T02:15:42+03:00 total=11 R=0 S=11 D=0 other=0
ts=2025-12-14T02:15:43+03:00 total=11 R=0 S=11 D=0 other=0
ts=2025-12-14T02:15:45+03:00 total=11 R=0 S=11 D=0 other=0
ts=2025-12-14T02:15:46+03:00 total=11 R=0 S=11 D=0 other=0
ts=2025-12-14T02:15:48+03:00 total=11 R=0 S=11 D=0 other=0
ts=2025-12-14T02:15:49+03:00 total=11 R=0 S=11 D=0 other=0
ts=2025-12-14T02:15:51+03:00 total=11 R=0 S=11 D=0 other=0
ts=2025-12-14T02:15:52+03:00 total=11 R=0 S=11 D=0 other=0
ts=2025-12-14T02:15:53+03:00 total=11 R=0 S=11 D=0 other=0
ts=2025-12-14T02:15:55+03:00 total=11 R=0 S=11 D=0 other=0
ts=2025-12-14T02:15:56+03:00 total=11 R=0 S=11 D=0 other=0
ts=2025-12-14T02:15:58+03:00 total=11 R=0 S=11 D=0 other=0
ts=2025-12-14T02:15:59+03:00 total=11 R=0 S=11 D=0 other=0
ts=2025-12-14T02:16:01+03:00 total=11 R=0 S=11 D=0 other=0
ts=2025-12-14T02:16:02+03:00 total=11 R=0 S=11 D=0 other=0
ts=2025-12-14T02:16:03+03:00 total=11 R=0 S=11 D=0 other=0
ts=2025-12-14T02:16:05+03:00 total=11 R=0 S=11 D=0 other=0
ts=2025-12-14T02:16:06+03:00 total=11 R=0 S=11 D=0 other=0
ts=2025-12-14T02:16:07+03:00 total=11 R=0 S=11 D=0 other=0
ts=2025-12-14T02:16:09+03:00 total=11 R=0 S=11 D=0 other=0
ts=2025-12-14T02:16:10+03:00 total=11 R=0 S=11 D=0 other=0
ts=2025-12-14T02:16:12+03:00 total=11 R=0 S=11 D=0 other=0
ts=2025-12-14T02:16:13+03:00 total=11 R=0 S=11 D=0 other=0
ts=2025-12-14T02:16:14+03:00 total=11 R=0 S=11 D=0 other=0
ts=2025-12-14T02:16:16+03:00 total=11 R=0 S=11 D=0 other=0
ts=2025-12-14T02:16:17+03:00 total=11 R=0 S=11 D=0 other=0
ts=2025-12-14T02:16:19+03:00 total=11 R=0 S=11 D=0 other=0
ts=2025-12-14T02:16:20+03:00 total=11 R=0 S=11 D=0 other=0
ts=2025-12-14T02:16:21+03:00 total=11 R=0 S=11 D=0 other=0
ts=2025-12-14T02:16:23+03:00 total=11 R=0 S=11 D=0 other=0
ts=2025-12-14T02:16:24+03:00 total=11 R=0 S=11 D=0 other=0
ts=2025-12-14T02:16:26+03:00 total=11 R=0 S=11 D=0 other=0
ts=2025-12-14T02:16:27+03:00 total=11 R=0 S=11 D=0 other=0
ts=2025-12-14T02:16:29+03:00 total=11 R=0 S=11 D=0 other=0
ts=2025-12-14T02:16:30+03:00 total=11 R=0 S=11 D=0 other=0
ts=2025-12-14T02:16:31+03:00 total=11 R=0 S=11 D=0 other=0
ts=2025-12-14T02:16:33+03:00 total=11 R=0 S=11 D=1 other=-1
ts=2025-12-14T02:16:34+03:00 total=11 R=0 S=11 D=0 other=0
ts=2025-12-14T02:16:35+03:00 total=11 R=0 S=11 D=0 other=0
ts=2025-12-14T02:16:37+03:00 total=11 R=0 S=10 D=0 other=1
ts=2025-12-14T02:16:38+03:00 total=11 R=0 S=11 D=0 other=0
ts=2025-12-14T02:16:40+03:00 total=11 R=0 S=11 D=0 other=0
ts=2025-12-14T02:16:41+03:00 total=11 R=0 S=11 D=0 other=0
ts=2025-12-14T02:16:42+03:00 total=11 R=0 S=11 D=0 other=0
ts=2025-12-14T02:16:44+03:00 total=11 R=0 S=11 D=0 other=0
ts=2025-12-14T02:16:45+03:00 total=11 R=0 S=11 D=0 other=0
ts=2025-12-14T02:16:47+03:00 total=11 R=0 S=11 D=0 other=0
ts=2025-12-14T02:16:48+03:00 total=11 R=0 S=11 D=0 other=0
ts=2025-12-14T02:16:49+03:00 total=11 R=0 S=11 D=0 other=0
ts=2025-12-14T02:16:51+03:00 total=11 R=0 S=11 D=0 other=0
ts=2025-12-14T02:16:52+03:00 total=11 R=0 S=11 D=0 other=0
ts=2025-12-14T02:16:54+03:00 total=11 R=0 S=9 D=1 other=1
ts=2025-12-14T02:16:55+03:00 total=11 R=0 S=11 D=0 other=0
ts=2025-12-14T02:16:56+03:00 total=11 R=0 S=11 D=0 other=0
ts=2025-12-14T02:16:58+03:00 total=11 R=0 S=10 D=0 other=1
ts=2025-12-14T02:16:59+03:00 total=11 R=0 S=11 D=0 other=0
ts=2025-12-14T02:17:01+03:00 total=11 R=0 S=11 D=0 other=0
ts=2025-12-14T02:17:02+03:00 total=11 R=0 S=11 D=0 other=0
ts=2025-12-14T02:17:03+03:00 total=11 R=0 S=10 D=0 other=1
ts=2025-12-14T02:17:05+03:00 total=11 R=0 S=11 D=0 other=0
ts=2025-12-14T02:17:06+03:00 total=11 R=0 S=11 D=0 other=0
ts=2025-12-14T02:17:08+03:00 total=11 R=0 S=11 D=0 other=0
ts=2025-12-14T02:17:09+03:00 total=11 R=0 S=11 D=0 other=0
ts=2025-12-14T02:17:10+03:00 total=11 R=0 S=11 D=0 other=0
ts=2025-12-14T02:17:12+03:00 total=11 R=0 S=11 D=0 other=0
ts=2025-12-14T02:17:13+03:00 total=11 R=0 S=11 D=0 other=0
ts=2025-12-14T02:17:15+03:00 total=11 R=0 S=11 D=0 other=0
ts=2025-12-14T02:17:16+03:00 total=11 R=0 S=11 D=0 other=0
ts=2025-12-14T02:17:17+03:00 total=11 R=2 S=11 D=0 other=-2
ts=2025-12-14T02:17:19+03:00 total=11 R=0 S=11 D=0 other=0
ts=2025-12-14T02:17:20+03:00 total=11 R=0 S=11 D=0 other=0
ts=2025-12-14T02:17:22+03:00 total=11 R=0 S=11 D=0 other=0
ts=2025-12-14T02:17:23+03:00 total=11 R=0 S=11 D=1 other=-1
ts=2025-12-14T02:17:24+03:00 total=11 R=0 S=11 D=0 other=0
ts=2025-12-14T02:17:26+03:00 total=11 R=0 S=11 D=0 other=0
ts=2025-12-14T02:17:27+03:00 total=11 R=0 S=11 D=0 other=0
ts=2025-12-14T02:17:29+03:00 total=11 R=0 S=11 D=0 other=0
ts=2025-12-14T02:17:30+03:00 total=11 R=0 S=11 D=0 other=0
ts=2025-12-14T02:17:31+03:00 total=11 R=0 S=11 D=0 other=0
ts=2025-12-14T02:17:33+03:00 total=11 R=0 S=11 D=0 other=0
ts=2025-12-14T02:17:34+03:00 total=11 R=0 S=11 D=0 other=0
ts=2025-12-14T02:17:35+03:00 total=11 R=0 S=11 D=0 other=0
ts=2025-12-14T02:17:37+03:00 total=11 R=0 S=11 D=0 other=0
ts=2025-12-14T02:17:38+03:00 total=11 R=0 S=11 D=0 other=0
ts=2025-12-14T02:17:40+03:00 total=11 R=0 S=11 D=0 other=0
ts=2025-12-14T02:17:41+03:00 total=11 R=0 S=11 D=0 other=0
ts=2025-12-14T02:17:43+03:00 total=11 R=0 S=11 D=0 other=0
ts=2025-12-14T02:17:44+03:00 total=11 R=0 S=11 D=1 other=-1
ts=2025-12-14T02:17:45+03:00 total=11 R=3 S=11 D=0 other=-3
ts=2025-12-14T02:17:47+03:00 total=11 R=0 S=11 D=0 other=0
ts=2025-12-14T02:17:48+03:00 total=11 R=0 S=11 D=0 other=0
ts=2025-12-14T02:17:50+03:00 total=11 R=0 S=11 D=0 other=0
ts=2025-12-14T02:17:51+03:00 total=11 R=0 S=10 D=0 other=1
ts=2025-12-14T02:17:52+03:00 total=11 R=0 S=10 D=0 other=1
ts=2025-12-14T02:17:54+03:00 total=11 R=0 S=11 D=0 other=0
ts=2025-12-14T02:17:55+03:00 total=11 R=0 S=11 D=0 other=0
ts=2025-12-14T02:17:57+03:00 total=11 R=0 S=11 D=0 other=0
ts=2025-12-14T02:17:58+03:00 total=11 R=0 S=11 D=1 other=-1
ts=2025-12-14T02:17:59+03:00 total=11 R=0 S=11 D=0 other=0
ts=2025-12-14T02:18:01+03:00 total=11 R=0 S=10 D=0 other=1
ts=2025-12-14T02:18:02+03:00 total=11 R=0 S=11 D=0 other=0
ts=2025-12-14T02:18:04+03:00 total=11 R=0 S=11 D=0 other=0
ts=2025-12-14T02:18:05+03:00 total=11 R=0 S=11 D=0 other=0
ts=2025-12-14T02:18:06+03:00 total=11 R=0 S=11 D=0 other=0
ts=2025-12-14T02:18:08+03:00 total=11 R=0 S=11 D=0 other=0
ts=2025-12-14T02:18:09+03:00 total=11 R=0 S=11 D=0 other=0
ts=2025-12-14T02:18:11+03:00 total=11 R=0 S=11 D=0 other=0
ts=2025-12-14T02:18:12+03:00 total=11 R=0 S=11 D=0 other=0
ts=2025-12-14T02:18:14+03:00 total=11 R=0 S=11 D=0 other=0
ts=2025-12-14T02:18:15+03:00 total=11 R=0 S=11 D=0 other=0
ts=2025-12-14T02:18:16+03:00 total=11 R=0 S=11 D=0 other=0
ts=2025-12-14T02:18:18+03:00 total=11 R=0 S=11 D=0 other=0
ts=2025-12-14T02:18:19+03:00 total=11 R=0 S=10 D=0 other=1
ts=2025-12-14T02:18:21+03:00 total=11 R=0 S=11 D=0 other=0
ts=2025-12-14T02:18:22+03:00 total=11 R=0 S=11 D=0 other=0
ts=2025-12-14T02:18:23+03:00 total=11 R=0 S=11 D=0 other=0
ts=2025-12-14T02:18:25+03:00 total=11 R=0 S=11 D=0 other=0
ts=2025-12-14T02:18:26+03:00 total=11 R=0 S=11 D=0 other=0
ts=2025-12-14T02:18:28+03:00 total=11 R=0 S=11 D=0 other=0
ts=2025-12-14T02:18:29+03:00 total=11 R=0 S=11 D=0 other=0
ts=2025-12-14T02:18:31+03:00 total=11 R=0 S=11 D=0 other=0
ts=2025-12-14T02:18:32+03:00 total=11 R=0 S=11 D=0 other=0
ts=2025-12-14T02:18:33+03:00 total=11 R=0 S=11 D=0 other=0
ts=2025-12-14T02:18:35+03:00 total=11 R=0 S=11 D=0 other=0
ts=2025-12-14T02:18:36+03:00 total=11 R=0 S=11 D=0 other=0
ts=2025-12-14T02:18:37+03:00 total=11 R=0 S=11 D=0 other=0
ts=2025-12-14T02:18:39+03:00 total=11 R=0 S=11 D=0 other=0
ts=2025-12-14T02:18:40+03:00 total=11 R=0 S=11 D=0 other=0
ts=2025-12-14T02:18:42+03:00 total=11 R=0 S=11 D=0 other=0
ts=2025-12-14T02:18:43+03:00 total=11 R=0 S=11 D=0 other=0
ts=2025-12-14T02:18:44+03:00 total=11 R=0 S=11 D=0 other=0
ts=2025-12-14T02:18:46+03:00 total=11 R=0 S=11 D=0 other=0
ts=2025-12-14T02:18:47+03:00 total=11 R=0 S=10 D=0 other=1
ts=2025-12-14T02:18:49+03:00 total=11 R=0 S=11 D=0 other=0
ts=2025-12-14T02:18:50+03:00 total=11 R=0 S=11 D=0 other=0
ts=2025-12-14T02:18:51+03:00 total=11 R=0 S=11 D=0 other=0
ts=2025-12-14T02:18:53+03:00 total=11 R=0 S=11 D=0 other=0
ts=2025-12-14T02:18:54+03:00 total=11 R=0 S=11 D=0 other=0
ts=2025-12-14T02:18:56+03:00 total=11 R=0 S=11 D=0 other=0
ts=2025-12-14T02:18:57+03:00 total=11 R=1 S=11 D=0 other=-1
ts=2025-12-14T02:18:59+03:00 total=11 R=0 S=11 D=0 other=0
ts=2025-12-14T02:19:00+03:00 total=11 R=0 S=11 D=0 other=0
ts=2025-12-14T02:19:01+03:00 total=11 R=0 S=11 D=0 other=0
ts=2025-12-14T02:19:03+03:00 total=11 R=0 S=11 D=0 other=0
ts=2025-12-14T02:19:04+03:00 total=11 R=0 S=11 D=0 other=0
ts=2025-12-14T02:19:06+03:00 total=11 R=0 S=11 D=0 other=0
ts=2025-12-14T02:19:07+03:00 total=11 R=0 S=10 D=0 other=1
ts=2025-12-14T02:19:09+03:00 total=11 R=0 S=11 D=0 other=0
ts=2025-12-14T02:19:10+03:00 total=11 R=0 S=11 D=0 other=0
ts=2025-12-14T02:19:11+03:00 total=11 R=0 S=11 D=0 other=0
ts=2025-12-14T02:19:13+03:00 total=11 R=0 S=11 D=0 other=0
ts=2025-12-14T02:19:14+03:00 total=11 R=0 S=11 D=0 other=0
ts=2025-12-14T02:19:16+03:00 total=11 R=0 S=11 D=0 other=0
ts=2025-12-14T02:19:17+03:00 total=11 R=0 S=11 D=0 other=0
